[2023-03-08T03:54:10.810+0000] {taskinstance.py:1083} INFO - Dependencies all met for <TaskInstance: dag_python_operator_v5.greet scheduled__2023-03-06T00:00:00+00:00 [queued]>
[2023-03-08T03:54:10.884+0000] {taskinstance.py:1083} INFO - Dependencies all met for <TaskInstance: dag_python_operator_v5.greet scheduled__2023-03-06T00:00:00+00:00 [queued]>
[2023-03-08T03:54:10.885+0000] {taskinstance.py:1279} INFO - 
--------------------------------------------------------------------------------
[2023-03-08T03:54:10.885+0000] {taskinstance.py:1280} INFO - Starting attempt 1 of 6
[2023-03-08T03:54:10.885+0000] {taskinstance.py:1281} INFO - 
--------------------------------------------------------------------------------
[2023-03-08T03:54:10.989+0000] {taskinstance.py:1300} INFO - Executing <Task(PythonOperator): greet> on 2023-03-06 00:00:00+00:00
[2023-03-08T03:54:11.064+0000] {standard_task_runner.py:55} INFO - Started process 219 to run task
[2023-03-08T03:54:11.069+0000] {standard_task_runner.py:82} INFO - Running: ['***', 'tasks', 'run', 'dag_python_operator_v5', 'greet', 'scheduled__2023-03-06T00:00:00+00:00', '--job-id', '67', '--raw', '--subdir', 'DAGS_FOLDER/***_python.py', '--cfg-path', '/tmp/tmpjfcv0o1o']
[2023-03-08T03:54:11.093+0000] {standard_task_runner.py:83} INFO - Job 67: Subtask greet
[2023-03-08T03:54:11.544+0000] {task_command.py:388} INFO - Running <TaskInstance: dag_python_operator_v5.greet scheduled__2023-03-06T00:00:00+00:00 [running]> on host df4d96e1a045
[2023-03-08T03:54:12.266+0000] {taskinstance.py:1509} INFO - Exporting the following env vars:
AIRFLOW_CTX_DAG_OWNER=aditya
AIRFLOW_CTX_DAG_ID=dag_python_operator_v5
AIRFLOW_CTX_TASK_ID=greet
AIRFLOW_CTX_EXECUTION_DATE=2023-03-06T00:00:00+00:00
AIRFLOW_CTX_TRY_NUMBER=1
AIRFLOW_CTX_DAG_RUN_ID=scheduled__2023-03-06T00:00:00+00:00
[2023-03-08T03:54:12.459+0000] {logging_mixin.py:137} INFO - Hello world! My name is Aditya Prasetyo and I am 24 years old
[2023-03-08T03:54:12.459+0000] {python.py:177} INFO - Done. Returned value was: None
[2023-03-08T03:54:12.528+0000] {taskinstance.py:1323} INFO - Marking task as SUCCESS. dag_id=dag_python_operator_v5, task_id=greet, execution_date=20230306T000000, start_date=20230308T035410, end_date=20230308T035412
[2023-03-08T03:54:12.624+0000] {local_task_job.py:208} INFO - Task exited with return code 0
[2023-03-08T03:54:12.731+0000] {taskinstance.py:2578} INFO - 0 downstream tasks scheduled from follow-on schedule check
