[2023-03-04T14:28:49.528+0000] {taskinstance.py:1083} INFO - Dependencies all met for <TaskInstance: dag_python_operator_v4.get_name scheduled__2023-03-03T00:00:00+00:00 [queued]>
[2023-03-04T14:28:49.554+0000] {taskinstance.py:1083} INFO - Dependencies all met for <TaskInstance: dag_python_operator_v4.get_name scheduled__2023-03-03T00:00:00+00:00 [queued]>
[2023-03-04T14:28:49.555+0000] {taskinstance.py:1279} INFO - 
--------------------------------------------------------------------------------
[2023-03-04T14:28:49.556+0000] {taskinstance.py:1280} INFO - Starting attempt 1 of 6
[2023-03-04T14:28:49.557+0000] {taskinstance.py:1281} INFO - 
--------------------------------------------------------------------------------
[2023-03-04T14:28:49.625+0000] {taskinstance.py:1300} INFO - Executing <Task(PythonOperator): get_name> on 2023-03-03 00:00:00+00:00
[2023-03-04T14:28:49.641+0000] {standard_task_runner.py:55} INFO - Started process 4430 to run task
[2023-03-04T14:28:49.676+0000] {standard_task_runner.py:82} INFO - Running: ['***', 'tasks', 'run', 'dag_python_operator_v4', 'get_name', 'scheduled__2023-03-03T00:00:00+00:00', '--job-id', '18', '--raw', '--subdir', 'DAGS_FOLDER/***_python.py', '--cfg-path', '/tmp/tmp7rhbz_30']
[2023-03-04T14:28:49.680+0000] {standard_task_runner.py:83} INFO - Job 18: Subtask get_name
[2023-03-04T14:28:50.403+0000] {task_command.py:388} INFO - Running <TaskInstance: dag_python_operator_v4.get_name scheduled__2023-03-03T00:00:00+00:00 [running]> on host 07bffc7e5092
[2023-03-04T14:28:50.689+0000] {taskinstance.py:1509} INFO - Exporting the following env vars:
AIRFLOW_CTX_DAG_OWNER=aditya
AIRFLOW_CTX_DAG_ID=dag_python_operator_v4
AIRFLOW_CTX_TASK_ID=get_name
AIRFLOW_CTX_EXECUTION_DATE=2023-03-03T00:00:00+00:00
AIRFLOW_CTX_TRY_NUMBER=1
AIRFLOW_CTX_DAG_RUN_ID=scheduled__2023-03-03T00:00:00+00:00
[2023-03-04T14:28:50.777+0000] {python.py:177} INFO - Done. Returned value was: None
[2023-03-04T14:28:50.815+0000] {taskinstance.py:1323} INFO - Marking task as SUCCESS. dag_id=dag_python_operator_v4, task_id=get_name, execution_date=20230303T000000, start_date=20230304T142849, end_date=20230304T142850
[2023-03-04T14:28:50.898+0000] {local_task_job.py:208} INFO - Task exited with return code 0
[2023-03-04T14:28:50.974+0000] {taskinstance.py:2578} INFO - 0 downstream tasks scheduled from follow-on schedule check
