[2023-03-04T15:01:32.548+0000] {taskinstance.py:1083} INFO - Dependencies all met for <TaskInstance: dag_taskflow_api_v2.get_name scheduled__2023-03-03T00:00:00+00:00 [queued]>
[2023-03-04T15:01:32.601+0000] {taskinstance.py:1083} INFO - Dependencies all met for <TaskInstance: dag_taskflow_api_v2.get_name scheduled__2023-03-03T00:00:00+00:00 [queued]>
[2023-03-04T15:01:32.601+0000] {taskinstance.py:1279} INFO - 
--------------------------------------------------------------------------------
[2023-03-04T15:01:32.602+0000] {taskinstance.py:1280} INFO - Starting attempt 1 of 6
[2023-03-04T15:01:32.603+0000] {taskinstance.py:1281} INFO - 
--------------------------------------------------------------------------------
[2023-03-04T15:01:32.715+0000] {taskinstance.py:1300} INFO - Executing <Task(_PythonDecoratedOperator): get_name> on 2023-03-03 00:00:00+00:00
[2023-03-04T15:01:32.732+0000] {standard_task_runner.py:55} INFO - Started process 6620 to run task
[2023-03-04T15:01:32.747+0000] {standard_task_runner.py:82} INFO - Running: ['***', 'tasks', 'run', 'dag_taskflow_api_v2', 'get_name', 'scheduled__2023-03-03T00:00:00+00:00', '--job-id', '40', '--raw', '--subdir', 'DAGS_FOLDER/dag_taskflow_api.py', '--cfg-path', '/tmp/tmpeeyqd7ew']
[2023-03-04T15:01:32.756+0000] {standard_task_runner.py:83} INFO - Job 40: Subtask get_name
[2023-03-04T15:01:33.015+0000] {task_command.py:388} INFO - Running <TaskInstance: dag_taskflow_api_v2.get_name scheduled__2023-03-03T00:00:00+00:00 [running]> on host 07bffc7e5092
[2023-03-04T15:01:33.238+0000] {taskinstance.py:1509} INFO - Exporting the following env vars:
AIRFLOW_CTX_DAG_OWNER=Aditya
AIRFLOW_CTX_DAG_ID=dag_taskflow_api_v2
AIRFLOW_CTX_TASK_ID=get_name
AIRFLOW_CTX_EXECUTION_DATE=2023-03-03T00:00:00+00:00
AIRFLOW_CTX_TRY_NUMBER=1
AIRFLOW_CTX_DAG_RUN_ID=scheduled__2023-03-03T00:00:00+00:00
[2023-03-04T15:01:33.240+0000] {python.py:177} INFO - Done. Returned value was: {'firstname': 'Aditya', 'lastname': 'Prasetyo'}
[2023-03-04T15:01:33.351+0000] {taskinstance.py:1323} INFO - Marking task as SUCCESS. dag_id=dag_taskflow_api_v2, task_id=get_name, execution_date=20230303T000000, start_date=20230304T150132, end_date=20230304T150133
[2023-03-04T15:01:33.407+0000] {local_task_job.py:208} INFO - Task exited with return code 0
[2023-03-04T15:01:33.455+0000] {taskinstance.py:2578} INFO - 1 downstream tasks scheduled from follow-on schedule check
