[2023-03-04T14:52:54.077+0000] {processor.py:153} INFO - Started process (PID=5957) to work on /opt/airflow/dags/dag_taskflow_api.py
[2023-03-04T14:52:54.078+0000] {processor.py:743} INFO - Processing file /opt/airflow/dags/dag_taskflow_api.py for tasks to queue
[2023-03-04T14:52:54.079+0000] {logging_mixin.py:137} INFO - [2023-03-04T14:52:54.079+0000] {dagbag.py:538} INFO - Filling up the DagBag from /opt/airflow/dags/dag_taskflow_api.py
[2023-03-04T14:52:54.144+0000] {processor.py:753} INFO - DAG(s) dict_keys(['dag_taskflow_api']) retrieved from /opt/airflow/dags/dag_taskflow_api.py
[2023-03-04T14:52:54.359+0000] {logging_mixin.py:137} INFO - [2023-03-04T14:52:54.358+0000] {manager.py:504} INFO - Created Permission View: can read on DAG:dag_taskflow_api
[2023-03-04T14:52:54.377+0000] {logging_mixin.py:137} INFO - [2023-03-04T14:52:54.377+0000] {manager.py:504} INFO - Created Permission View: can edit on DAG:dag_taskflow_api
[2023-03-04T14:52:54.391+0000] {logging_mixin.py:137} INFO - [2023-03-04T14:52:54.391+0000] {manager.py:504} INFO - Created Permission View: can delete on DAG:dag_taskflow_api
[2023-03-04T14:52:54.391+0000] {logging_mixin.py:137} INFO - [2023-03-04T14:52:54.391+0000] {dag.py:2690} INFO - Sync 1 DAGs
[2023-03-04T14:52:54.420+0000] {logging_mixin.py:137} INFO - [2023-03-04T14:52:54.419+0000] {dag.py:2711} INFO - Creating ORM DAG for dag_taskflow_api
[2023-03-04T14:52:54.445+0000] {logging_mixin.py:137} INFO - [2023-03-04T14:52:54.445+0000] {dag.py:3441} INFO - Setting next_dagrun for dag_taskflow_api to 2023-03-03T00:00:00+00:00, run_after=2023-03-04T00:00:00+00:00
[2023-03-04T14:52:54.475+0000] {processor.py:175} INFO - Processing /opt/airflow/dags/dag_taskflow_api.py took 0.402 seconds
[2023-03-04T14:52:56.178+0000] {processor.py:153} INFO - Started process (PID=5971) to work on /opt/airflow/dags/dag_taskflow_api.py
[2023-03-04T14:52:56.179+0000] {processor.py:743} INFO - Processing file /opt/airflow/dags/dag_taskflow_api.py for tasks to queue
[2023-03-04T14:52:56.181+0000] {logging_mixin.py:137} INFO - [2023-03-04T14:52:56.180+0000] {dagbag.py:538} INFO - Filling up the DagBag from /opt/airflow/dags/dag_taskflow_api.py
[2023-03-04T14:52:56.242+0000] {processor.py:753} INFO - DAG(s) dict_keys(['dag_taskflow_api']) retrieved from /opt/airflow/dags/dag_taskflow_api.py
[2023-03-04T14:52:56.263+0000] {logging_mixin.py:137} INFO - [2023-03-04T14:52:56.263+0000] {dag.py:2690} INFO - Sync 1 DAGs
[2023-03-04T14:52:56.326+0000] {logging_mixin.py:137} INFO - [2023-03-04T14:52:56.325+0000] {dag.py:3441} INFO - Setting next_dagrun for dag_taskflow_api to 2023-03-03T00:00:00+00:00, run_after=2023-03-04T00:00:00+00:00
[2023-03-04T14:52:56.366+0000] {processor.py:175} INFO - Processing /opt/airflow/dags/dag_taskflow_api.py took 0.194 seconds
[2023-03-04T14:53:26.696+0000] {processor.py:153} INFO - Started process (PID=6008) to work on /opt/airflow/dags/dag_taskflow_api.py
[2023-03-04T14:53:26.697+0000] {processor.py:743} INFO - Processing file /opt/airflow/dags/dag_taskflow_api.py for tasks to queue
[2023-03-04T14:53:26.699+0000] {logging_mixin.py:137} INFO - [2023-03-04T14:53:26.698+0000] {dagbag.py:538} INFO - Filling up the DagBag from /opt/airflow/dags/dag_taskflow_api.py
[2023-03-04T14:53:26.851+0000] {processor.py:753} INFO - DAG(s) dict_keys(['dag_taskflow_api']) retrieved from /opt/airflow/dags/dag_taskflow_api.py
[2023-03-04T14:53:26.953+0000] {logging_mixin.py:137} INFO - [2023-03-04T14:53:26.953+0000] {dag.py:2690} INFO - Sync 1 DAGs
[2023-03-04T14:53:27.150+0000] {logging_mixin.py:137} INFO - [2023-03-04T14:53:27.149+0000] {dag.py:3441} INFO - Setting next_dagrun for dag_taskflow_api to 2023-03-03T00:00:00+00:00, run_after=2023-03-04T00:00:00+00:00
[2023-03-04T14:53:27.253+0000] {processor.py:175} INFO - Processing /opt/airflow/dags/dag_taskflow_api.py took 0.585 seconds
[2023-03-04T14:53:57.811+0000] {processor.py:153} INFO - Started process (PID=6043) to work on /opt/airflow/dags/dag_taskflow_api.py
[2023-03-04T14:53:57.813+0000] {processor.py:743} INFO - Processing file /opt/airflow/dags/dag_taskflow_api.py for tasks to queue
[2023-03-04T14:53:57.814+0000] {logging_mixin.py:137} INFO - [2023-03-04T14:53:57.813+0000] {dagbag.py:538} INFO - Filling up the DagBag from /opt/airflow/dags/dag_taskflow_api.py
[2023-03-04T14:53:57.851+0000] {processor.py:753} INFO - DAG(s) dict_keys(['dag_taskflow_api']) retrieved from /opt/airflow/dags/dag_taskflow_api.py
[2023-03-04T14:53:57.883+0000] {logging_mixin.py:137} INFO - [2023-03-04T14:53:57.882+0000] {dag.py:2690} INFO - Sync 1 DAGs
[2023-03-04T14:53:57.923+0000] {logging_mixin.py:137} INFO - [2023-03-04T14:53:57.923+0000] {dag.py:3441} INFO - Setting next_dagrun for dag_taskflow_api to 2023-03-03T00:00:00+00:00, run_after=2023-03-04T00:00:00+00:00
[2023-03-04T14:53:57.949+0000] {processor.py:175} INFO - Processing /opt/airflow/dags/dag_taskflow_api.py took 0.143 seconds
[2023-03-04T14:54:00.970+0000] {processor.py:153} INFO - Started process (PID=6048) to work on /opt/airflow/dags/dag_taskflow_api.py
[2023-03-04T14:54:00.971+0000] {processor.py:743} INFO - Processing file /opt/airflow/dags/dag_taskflow_api.py for tasks to queue
[2023-03-04T14:54:00.973+0000] {logging_mixin.py:137} INFO - [2023-03-04T14:54:00.972+0000] {dagbag.py:538} INFO - Filling up the DagBag from /opt/airflow/dags/dag_taskflow_api.py
[2023-03-04T14:54:01.028+0000] {processor.py:753} INFO - DAG(s) dict_keys(['dag_taskflow_api']) retrieved from /opt/airflow/dags/dag_taskflow_api.py
[2023-03-04T14:54:01.063+0000] {logging_mixin.py:137} INFO - [2023-03-04T14:54:01.063+0000] {dag.py:2690} INFO - Sync 1 DAGs
[2023-03-04T14:54:01.105+0000] {logging_mixin.py:137} INFO - [2023-03-04T14:54:01.105+0000] {dag.py:3441} INFO - Setting next_dagrun for dag_taskflow_api to 2023-03-03T00:00:00+00:00, run_after=2023-03-04T00:00:00+00:00
[2023-03-04T14:54:01.137+0000] {processor.py:175} INFO - Processing /opt/airflow/dags/dag_taskflow_api.py took 0.173 seconds
[2023-03-04T14:54:10.056+0000] {processor.py:153} INFO - Started process (PID=6070) to work on /opt/airflow/dags/dag_taskflow_api.py
[2023-03-04T14:54:10.057+0000] {processor.py:743} INFO - Processing file /opt/airflow/dags/dag_taskflow_api.py for tasks to queue
[2023-03-04T14:54:10.058+0000] {logging_mixin.py:137} INFO - [2023-03-04T14:54:10.058+0000] {dagbag.py:538} INFO - Filling up the DagBag from /opt/airflow/dags/dag_taskflow_api.py
[2023-03-04T14:54:10.094+0000] {processor.py:753} INFO - DAG(s) dict_keys(['dag_taskflow_api']) retrieved from /opt/airflow/dags/dag_taskflow_api.py
[2023-03-04T14:54:10.128+0000] {logging_mixin.py:137} INFO - [2023-03-04T14:54:10.128+0000] {dag.py:2690} INFO - Sync 1 DAGs
[2023-03-04T14:54:10.170+0000] {logging_mixin.py:137} INFO - [2023-03-04T14:54:10.170+0000] {dag.py:3441} INFO - Setting next_dagrun for dag_taskflow_api to 2023-03-03T00:00:00+00:00, run_after=2023-03-04T00:00:00+00:00
[2023-03-04T14:54:10.208+0000] {processor.py:175} INFO - Processing /opt/airflow/dags/dag_taskflow_api.py took 0.156 seconds
[2023-03-04T14:54:40.433+0000] {processor.py:153} INFO - Started process (PID=6104) to work on /opt/airflow/dags/dag_taskflow_api.py
[2023-03-04T14:54:40.436+0000] {processor.py:743} INFO - Processing file /opt/airflow/dags/dag_taskflow_api.py for tasks to queue
[2023-03-04T14:54:40.437+0000] {logging_mixin.py:137} INFO - [2023-03-04T14:54:40.437+0000] {dagbag.py:538} INFO - Filling up the DagBag from /opt/airflow/dags/dag_taskflow_api.py
[2023-03-04T14:54:40.475+0000] {processor.py:753} INFO - DAG(s) dict_keys(['dag_taskflow_api']) retrieved from /opt/airflow/dags/dag_taskflow_api.py
[2023-03-04T14:54:40.513+0000] {logging_mixin.py:137} INFO - [2023-03-04T14:54:40.513+0000] {dag.py:2690} INFO - Sync 1 DAGs
[2023-03-04T14:54:40.548+0000] {logging_mixin.py:137} INFO - [2023-03-04T14:54:40.548+0000] {dag.py:3441} INFO - Setting next_dagrun for dag_taskflow_api to 2023-03-03T00:00:00+00:00, run_after=2023-03-04T00:00:00+00:00
[2023-03-04T14:54:40.575+0000] {processor.py:175} INFO - Processing /opt/airflow/dags/dag_taskflow_api.py took 0.146 seconds
[2023-03-04T14:55:10.822+0000] {processor.py:153} INFO - Started process (PID=6150) to work on /opt/airflow/dags/dag_taskflow_api.py
[2023-03-04T14:55:10.823+0000] {processor.py:743} INFO - Processing file /opt/airflow/dags/dag_taskflow_api.py for tasks to queue
[2023-03-04T14:55:10.824+0000] {logging_mixin.py:137} INFO - [2023-03-04T14:55:10.824+0000] {dagbag.py:538} INFO - Filling up the DagBag from /opt/airflow/dags/dag_taskflow_api.py
[2023-03-04T14:55:10.886+0000] {processor.py:753} INFO - DAG(s) dict_keys(['dag_taskflow_api']) retrieved from /opt/airflow/dags/dag_taskflow_api.py
[2023-03-04T14:55:10.930+0000] {logging_mixin.py:137} INFO - [2023-03-04T14:55:10.929+0000] {dag.py:2690} INFO - Sync 1 DAGs
[2023-03-04T14:55:10.989+0000] {logging_mixin.py:137} INFO - [2023-03-04T14:55:10.988+0000] {dag.py:3441} INFO - Setting next_dagrun for dag_taskflow_api to 2023-03-04T00:00:00+00:00, run_after=2023-03-05T00:00:00+00:00
[2023-03-04T14:55:11.025+0000] {processor.py:175} INFO - Processing /opt/airflow/dags/dag_taskflow_api.py took 0.212 seconds
[2023-03-04T14:55:41.249+0000] {processor.py:153} INFO - Started process (PID=6183) to work on /opt/airflow/dags/dag_taskflow_api.py
[2023-03-04T14:55:41.250+0000] {processor.py:743} INFO - Processing file /opt/airflow/dags/dag_taskflow_api.py for tasks to queue
[2023-03-04T14:55:41.251+0000] {logging_mixin.py:137} INFO - [2023-03-04T14:55:41.251+0000] {dagbag.py:538} INFO - Filling up the DagBag from /opt/airflow/dags/dag_taskflow_api.py
[2023-03-04T14:55:41.299+0000] {processor.py:753} INFO - DAG(s) dict_keys(['dag_taskflow_api']) retrieved from /opt/airflow/dags/dag_taskflow_api.py
[2023-03-04T14:55:41.344+0000] {logging_mixin.py:137} INFO - [2023-03-04T14:55:41.343+0000] {dag.py:2690} INFO - Sync 1 DAGs
[2023-03-04T14:55:41.393+0000] {logging_mixin.py:137} INFO - [2023-03-04T14:55:41.392+0000] {dag.py:3441} INFO - Setting next_dagrun for dag_taskflow_api to 2023-03-04T00:00:00+00:00, run_after=2023-03-05T00:00:00+00:00
[2023-03-04T14:55:41.441+0000] {processor.py:175} INFO - Processing /opt/airflow/dags/dag_taskflow_api.py took 0.200 seconds
[2023-03-04T14:56:11.702+0000] {processor.py:153} INFO - Started process (PID=6217) to work on /opt/airflow/dags/dag_taskflow_api.py
[2023-03-04T14:56:11.703+0000] {processor.py:743} INFO - Processing file /opt/airflow/dags/dag_taskflow_api.py for tasks to queue
[2023-03-04T14:56:11.704+0000] {logging_mixin.py:137} INFO - [2023-03-04T14:56:11.704+0000] {dagbag.py:538} INFO - Filling up the DagBag from /opt/airflow/dags/dag_taskflow_api.py
[2023-03-04T14:56:11.771+0000] {processor.py:753} INFO - DAG(s) dict_keys(['dag_taskflow_api']) retrieved from /opt/airflow/dags/dag_taskflow_api.py
[2023-03-04T14:56:11.820+0000] {logging_mixin.py:137} INFO - [2023-03-04T14:56:11.819+0000] {dag.py:2690} INFO - Sync 1 DAGs
[2023-03-04T14:56:11.886+0000] {logging_mixin.py:137} INFO - [2023-03-04T14:56:11.886+0000] {dag.py:3441} INFO - Setting next_dagrun for dag_taskflow_api to 2023-03-04T00:00:00+00:00, run_after=2023-03-05T00:00:00+00:00
[2023-03-04T14:56:11.926+0000] {processor.py:175} INFO - Processing /opt/airflow/dags/dag_taskflow_api.py took 0.233 seconds
[2023-03-04T14:56:42.153+0000] {processor.py:153} INFO - Started process (PID=6252) to work on /opt/airflow/dags/dag_taskflow_api.py
[2023-03-04T14:56:42.154+0000] {processor.py:743} INFO - Processing file /opt/airflow/dags/dag_taskflow_api.py for tasks to queue
[2023-03-04T14:56:42.156+0000] {logging_mixin.py:137} INFO - [2023-03-04T14:56:42.155+0000] {dagbag.py:538} INFO - Filling up the DagBag from /opt/airflow/dags/dag_taskflow_api.py
[2023-03-04T14:56:42.196+0000] {processor.py:753} INFO - DAG(s) dict_keys(['dag_taskflow_api']) retrieved from /opt/airflow/dags/dag_taskflow_api.py
[2023-03-04T14:56:42.228+0000] {logging_mixin.py:137} INFO - [2023-03-04T14:56:42.228+0000] {dag.py:2690} INFO - Sync 1 DAGs
[2023-03-04T14:56:42.267+0000] {logging_mixin.py:137} INFO - [2023-03-04T14:56:42.267+0000] {dag.py:3441} INFO - Setting next_dagrun for dag_taskflow_api to 2023-03-04T00:00:00+00:00, run_after=2023-03-05T00:00:00+00:00
[2023-03-04T14:56:42.294+0000] {processor.py:175} INFO - Processing /opt/airflow/dags/dag_taskflow_api.py took 0.147 seconds
[2023-03-04T14:57:12.511+0000] {processor.py:153} INFO - Started process (PID=6287) to work on /opt/airflow/dags/dag_taskflow_api.py
[2023-03-04T14:57:12.513+0000] {processor.py:743} INFO - Processing file /opt/airflow/dags/dag_taskflow_api.py for tasks to queue
[2023-03-04T14:57:12.514+0000] {logging_mixin.py:137} INFO - [2023-03-04T14:57:12.514+0000] {dagbag.py:538} INFO - Filling up the DagBag from /opt/airflow/dags/dag_taskflow_api.py
[2023-03-04T14:57:12.553+0000] {processor.py:753} INFO - DAG(s) dict_keys(['dag_taskflow_api']) retrieved from /opt/airflow/dags/dag_taskflow_api.py
[2023-03-04T14:57:12.591+0000] {logging_mixin.py:137} INFO - [2023-03-04T14:57:12.591+0000] {dag.py:2690} INFO - Sync 1 DAGs
[2023-03-04T14:57:12.634+0000] {logging_mixin.py:137} INFO - [2023-03-04T14:57:12.633+0000] {dag.py:3441} INFO - Setting next_dagrun for dag_taskflow_api to 2023-03-04T00:00:00+00:00, run_after=2023-03-05T00:00:00+00:00
[2023-03-04T14:57:12.659+0000] {processor.py:175} INFO - Processing /opt/airflow/dags/dag_taskflow_api.py took 0.154 seconds
[2023-03-04T14:57:42.896+0000] {processor.py:153} INFO - Started process (PID=6321) to work on /opt/airflow/dags/dag_taskflow_api.py
[2023-03-04T14:57:42.897+0000] {processor.py:743} INFO - Processing file /opt/airflow/dags/dag_taskflow_api.py for tasks to queue
[2023-03-04T14:57:42.898+0000] {logging_mixin.py:137} INFO - [2023-03-04T14:57:42.898+0000] {dagbag.py:538} INFO - Filling up the DagBag from /opt/airflow/dags/dag_taskflow_api.py
[2023-03-04T14:57:42.937+0000] {processor.py:753} INFO - DAG(s) dict_keys(['dag_taskflow_api']) retrieved from /opt/airflow/dags/dag_taskflow_api.py
[2023-03-04T14:57:42.969+0000] {logging_mixin.py:137} INFO - [2023-03-04T14:57:42.969+0000] {dag.py:2690} INFO - Sync 1 DAGs
[2023-03-04T14:57:43.024+0000] {logging_mixin.py:137} INFO - [2023-03-04T14:57:43.024+0000] {dag.py:3441} INFO - Setting next_dagrun for dag_taskflow_api to 2023-03-04T00:00:00+00:00, run_after=2023-03-05T00:00:00+00:00
[2023-03-04T14:57:43.056+0000] {processor.py:175} INFO - Processing /opt/airflow/dags/dag_taskflow_api.py took 0.169 seconds
[2023-03-04T14:58:13.267+0000] {processor.py:153} INFO - Started process (PID=6357) to work on /opt/airflow/dags/dag_taskflow_api.py
[2023-03-04T14:58:13.270+0000] {processor.py:743} INFO - Processing file /opt/airflow/dags/dag_taskflow_api.py for tasks to queue
[2023-03-04T14:58:13.271+0000] {logging_mixin.py:137} INFO - [2023-03-04T14:58:13.271+0000] {dagbag.py:538} INFO - Filling up the DagBag from /opt/airflow/dags/dag_taskflow_api.py
[2023-03-04T14:58:13.309+0000] {processor.py:753} INFO - DAG(s) dict_keys(['dag_taskflow_api']) retrieved from /opt/airflow/dags/dag_taskflow_api.py
[2023-03-04T14:58:13.346+0000] {logging_mixin.py:137} INFO - [2023-03-04T14:58:13.346+0000] {dag.py:2690} INFO - Sync 1 DAGs
[2023-03-04T14:58:13.391+0000] {logging_mixin.py:137} INFO - [2023-03-04T14:58:13.391+0000] {dag.py:3441} INFO - Setting next_dagrun for dag_taskflow_api to 2023-03-04T00:00:00+00:00, run_after=2023-03-05T00:00:00+00:00
[2023-03-04T14:58:13.421+0000] {processor.py:175} INFO - Processing /opt/airflow/dags/dag_taskflow_api.py took 0.159 seconds
[2023-03-04T14:58:42.638+0000] {processor.py:153} INFO - Started process (PID=6402) to work on /opt/airflow/dags/dag_taskflow_api.py
[2023-03-04T14:58:42.639+0000] {processor.py:743} INFO - Processing file /opt/airflow/dags/dag_taskflow_api.py for tasks to queue
[2023-03-04T14:58:42.640+0000] {logging_mixin.py:137} INFO - [2023-03-04T14:58:42.640+0000] {dagbag.py:538} INFO - Filling up the DagBag from /opt/airflow/dags/dag_taskflow_api.py
[2023-03-04T14:58:42.695+0000] {logging_mixin.py:137} INFO - [2023-03-04T14:58:42.684+0000] {dagbag.py:343} ERROR - Failed to import: /opt/airflow/dags/dag_taskflow_api.py
Traceback (most recent call last):
  File "/home/airflow/.local/lib/python3.7/site-packages/airflow/models/dagbag.py", line 339, in parse
    loader.exec_module(new_module)
  File "<frozen importlib._bootstrap_external>", line 728, in exec_module
  File "<frozen importlib._bootstrap>", line 219, in _call_with_frames_removed
  File "/opt/airflow/dags/dag_taskflow_api.py", line 37, in <module>
    greet_etl=hello_world_etl()
  File "/home/airflow/.local/lib/python3.7/site-packages/airflow/models/dag.py", line 3555, in factory
    f(**f_kwargs)
  File "/opt/airflow/dags/dag_taskflow_api.py", line 33, in hello_world_etl
    firstname, lastname=get_name()
  File "/home/airflow/.local/lib/python3.7/site-packages/airflow/decorators/base.py", line 316, in __call__
    **self.kwargs,
  File "/home/airflow/.local/lib/python3.7/site-packages/airflow/models/baseoperator.py", line 394, in apply_defaults
    result = func(self, **kwargs, default_args=default_args)
  File "/home/airflow/.local/lib/python3.7/site-packages/airflow/decorators/python.py", line 58, in __init__
    **kwargs,
  File "/home/airflow/.local/lib/python3.7/site-packages/airflow/models/baseoperator.py", line 394, in apply_defaults
    result = func(self, **kwargs, default_args=default_args)
  File "/home/airflow/.local/lib/python3.7/site-packages/airflow/decorators/base.py", line 209, in __init__
    super().__init__(task_id=task_id, **kwargs_to_upstream, **kwargs)
  File "/home/airflow/.local/lib/python3.7/site-packages/airflow/models/baseoperator.py", line 394, in apply_defaults
    result = func(self, **kwargs, default_args=default_args)
  File "/home/airflow/.local/lib/python3.7/site-packages/airflow/operators/python.py", line 160, in __init__
    super().__init__(**kwargs)
  File "/home/airflow/.local/lib/python3.7/site-packages/airflow/models/baseoperator.py", line 394, in apply_defaults
    result = func(self, **kwargs, default_args=default_args)
  File "/home/airflow/.local/lib/python3.7/site-packages/airflow/models/baseoperator.py", line 743, in __init__
    f"Invalid arguments were passed to {self.__class__.__name__} (task_id: {task_id}). "
airflow.exceptions.AirflowException: Invalid arguments were passed to _PythonDecoratedOperator (task_id: get_name). Invalid arguments were:
**kwargs: {'multipe_outputs': True}
[2023-03-04T14:58:42.696+0000] {processor.py:755} WARNING - No viable dags retrieved from /opt/airflow/dags/dag_taskflow_api.py
[2023-03-04T14:58:42.744+0000] {processor.py:175} INFO - Processing /opt/airflow/dags/dag_taskflow_api.py took 0.113 seconds
[2023-03-04T14:58:56.735+0000] {processor.py:153} INFO - Started process (PID=6420) to work on /opt/airflow/dags/dag_taskflow_api.py
[2023-03-04T14:58:56.737+0000] {processor.py:743} INFO - Processing file /opt/airflow/dags/dag_taskflow_api.py for tasks to queue
[2023-03-04T14:58:56.738+0000] {logging_mixin.py:137} INFO - [2023-03-04T14:58:56.738+0000] {dagbag.py:538} INFO - Filling up the DagBag from /opt/airflow/dags/dag_taskflow_api.py
[2023-03-04T14:58:56.775+0000] {logging_mixin.py:137} INFO - [2023-03-04T14:58:56.772+0000] {dagbag.py:343} ERROR - Failed to import: /opt/airflow/dags/dag_taskflow_api.py
Traceback (most recent call last):
  File "/home/airflow/.local/lib/python3.7/site-packages/airflow/models/dagbag.py", line 339, in parse
    loader.exec_module(new_module)
  File "<frozen importlib._bootstrap_external>", line 728, in exec_module
  File "<frozen importlib._bootstrap>", line 219, in _call_with_frames_removed
  File "/opt/airflow/dags/dag_taskflow_api.py", line 37, in <module>
    greet_etl=hello_world_etl()
  File "/home/airflow/.local/lib/python3.7/site-packages/airflow/models/dag.py", line 3555, in factory
    f(**f_kwargs)
  File "/opt/airflow/dags/dag_taskflow_api.py", line 33, in hello_world_etl
    firstname, lastname=get_name()
  File "/home/airflow/.local/lib/python3.7/site-packages/airflow/decorators/base.py", line 316, in __call__
    **self.kwargs,
  File "/home/airflow/.local/lib/python3.7/site-packages/airflow/models/baseoperator.py", line 394, in apply_defaults
    result = func(self, **kwargs, default_args=default_args)
  File "/home/airflow/.local/lib/python3.7/site-packages/airflow/decorators/python.py", line 58, in __init__
    **kwargs,
  File "/home/airflow/.local/lib/python3.7/site-packages/airflow/models/baseoperator.py", line 394, in apply_defaults
    result = func(self, **kwargs, default_args=default_args)
  File "/home/airflow/.local/lib/python3.7/site-packages/airflow/decorators/base.py", line 209, in __init__
    super().__init__(task_id=task_id, **kwargs_to_upstream, **kwargs)
  File "/home/airflow/.local/lib/python3.7/site-packages/airflow/models/baseoperator.py", line 394, in apply_defaults
    result = func(self, **kwargs, default_args=default_args)
  File "/home/airflow/.local/lib/python3.7/site-packages/airflow/operators/python.py", line 160, in __init__
    super().__init__(**kwargs)
  File "/home/airflow/.local/lib/python3.7/site-packages/airflow/models/baseoperator.py", line 394, in apply_defaults
    result = func(self, **kwargs, default_args=default_args)
  File "/home/airflow/.local/lib/python3.7/site-packages/airflow/models/baseoperator.py", line 743, in __init__
    f"Invalid arguments were passed to {self.__class__.__name__} (task_id: {task_id}). "
airflow.exceptions.AirflowException: Invalid arguments were passed to _PythonDecoratedOperator (task_id: get_name). Invalid arguments were:
**kwargs: {'multipe_outputs': True}
[2023-03-04T14:58:56.775+0000] {processor.py:755} WARNING - No viable dags retrieved from /opt/airflow/dags/dag_taskflow_api.py
[2023-03-04T14:58:56.803+0000] {processor.py:175} INFO - Processing /opt/airflow/dags/dag_taskflow_api.py took 0.072 seconds
[2023-03-04T14:59:27.035+0000] {processor.py:153} INFO - Started process (PID=6457) to work on /opt/airflow/dags/dag_taskflow_api.py
[2023-03-04T14:59:27.036+0000] {processor.py:743} INFO - Processing file /opt/airflow/dags/dag_taskflow_api.py for tasks to queue
[2023-03-04T14:59:27.037+0000] {logging_mixin.py:137} INFO - [2023-03-04T14:59:27.037+0000] {dagbag.py:538} INFO - Filling up the DagBag from /opt/airflow/dags/dag_taskflow_api.py
[2023-03-04T14:59:27.079+0000] {logging_mixin.py:137} INFO - [2023-03-04T14:59:27.075+0000] {dagbag.py:343} ERROR - Failed to import: /opt/airflow/dags/dag_taskflow_api.py
Traceback (most recent call last):
  File "/home/airflow/.local/lib/python3.7/site-packages/airflow/models/dagbag.py", line 339, in parse
    loader.exec_module(new_module)
  File "<frozen importlib._bootstrap_external>", line 728, in exec_module
  File "<frozen importlib._bootstrap>", line 219, in _call_with_frames_removed
  File "/opt/airflow/dags/dag_taskflow_api.py", line 37, in <module>
    greet_etl=hello_world_etl()
  File "/home/airflow/.local/lib/python3.7/site-packages/airflow/models/dag.py", line 3555, in factory
    f(**f_kwargs)
  File "/opt/airflow/dags/dag_taskflow_api.py", line 33, in hello_world_etl
    firstname, lastname=get_name()
  File "/home/airflow/.local/lib/python3.7/site-packages/airflow/decorators/base.py", line 316, in __call__
    **self.kwargs,
  File "/home/airflow/.local/lib/python3.7/site-packages/airflow/models/baseoperator.py", line 394, in apply_defaults
    result = func(self, **kwargs, default_args=default_args)
  File "/home/airflow/.local/lib/python3.7/site-packages/airflow/decorators/python.py", line 58, in __init__
    **kwargs,
  File "/home/airflow/.local/lib/python3.7/site-packages/airflow/models/baseoperator.py", line 394, in apply_defaults
    result = func(self, **kwargs, default_args=default_args)
  File "/home/airflow/.local/lib/python3.7/site-packages/airflow/decorators/base.py", line 209, in __init__
    super().__init__(task_id=task_id, **kwargs_to_upstream, **kwargs)
  File "/home/airflow/.local/lib/python3.7/site-packages/airflow/models/baseoperator.py", line 394, in apply_defaults
    result = func(self, **kwargs, default_args=default_args)
  File "/home/airflow/.local/lib/python3.7/site-packages/airflow/operators/python.py", line 160, in __init__
    super().__init__(**kwargs)
  File "/home/airflow/.local/lib/python3.7/site-packages/airflow/models/baseoperator.py", line 394, in apply_defaults
    result = func(self, **kwargs, default_args=default_args)
  File "/home/airflow/.local/lib/python3.7/site-packages/airflow/models/baseoperator.py", line 743, in __init__
    f"Invalid arguments were passed to {self.__class__.__name__} (task_id: {task_id}). "
airflow.exceptions.AirflowException: Invalid arguments were passed to _PythonDecoratedOperator (task_id: get_name). Invalid arguments were:
**kwargs: {'multipe_outputs': True}
[2023-03-04T14:59:27.080+0000] {processor.py:755} WARNING - No viable dags retrieved from /opt/airflow/dags/dag_taskflow_api.py
[2023-03-04T14:59:27.109+0000] {processor.py:175} INFO - Processing /opt/airflow/dags/dag_taskflow_api.py took 0.080 seconds
[2023-03-04T14:59:51.313+0000] {processor.py:153} INFO - Started process (PID=6479) to work on /opt/airflow/dags/dag_taskflow_api.py
[2023-03-04T14:59:51.314+0000] {processor.py:743} INFO - Processing file /opt/airflow/dags/dag_taskflow_api.py for tasks to queue
[2023-03-04T14:59:51.315+0000] {logging_mixin.py:137} INFO - [2023-03-04T14:59:51.315+0000] {dagbag.py:538} INFO - Filling up the DagBag from /opt/airflow/dags/dag_taskflow_api.py
[2023-03-04T14:59:51.346+0000] {logging_mixin.py:137} INFO - [2023-03-04T14:59:51.343+0000] {dagbag.py:343} ERROR - Failed to import: /opt/airflow/dags/dag_taskflow_api.py
Traceback (most recent call last):
  File "/home/airflow/.local/lib/python3.7/site-packages/airflow/models/dagbag.py", line 339, in parse
    loader.exec_module(new_module)
  File "<frozen importlib._bootstrap_external>", line 728, in exec_module
  File "<frozen importlib._bootstrap>", line 219, in _call_with_frames_removed
  File "/opt/airflow/dags/dag_taskflow_api.py", line 38, in <module>
    greet_etl=hello_world_etl()
  File "/home/airflow/.local/lib/python3.7/site-packages/airflow/models/dag.py", line 3555, in factory
    f(**f_kwargs)
  File "/opt/airflow/dags/dag_taskflow_api.py", line 34, in hello_world_etl
    firstname, lastname=get_name()
  File "/home/airflow/.local/lib/python3.7/site-packages/airflow/models/xcom_arg.py", line 251, in __iter__
    raise TypeError("'XComArg' object is not iterable")
TypeError: 'XComArg' object is not iterable
[2023-03-04T14:59:51.346+0000] {processor.py:755} WARNING - No viable dags retrieved from /opt/airflow/dags/dag_taskflow_api.py
[2023-03-04T14:59:51.374+0000] {processor.py:175} INFO - Processing /opt/airflow/dags/dag_taskflow_api.py took 0.066 seconds
[2023-03-04T15:00:21.612+0000] {processor.py:153} INFO - Started process (PID=6522) to work on /opt/airflow/dags/dag_taskflow_api.py
[2023-03-04T15:00:21.613+0000] {processor.py:743} INFO - Processing file /opt/airflow/dags/dag_taskflow_api.py for tasks to queue
[2023-03-04T15:00:21.614+0000] {logging_mixin.py:137} INFO - [2023-03-04T15:00:21.614+0000] {dagbag.py:538} INFO - Filling up the DagBag from /opt/airflow/dags/dag_taskflow_api.py
[2023-03-04T15:00:21.643+0000] {logging_mixin.py:137} INFO - [2023-03-04T15:00:21.640+0000] {dagbag.py:343} ERROR - Failed to import: /opt/airflow/dags/dag_taskflow_api.py
Traceback (most recent call last):
  File "/home/airflow/.local/lib/python3.7/site-packages/airflow/models/dagbag.py", line 339, in parse
    loader.exec_module(new_module)
  File "<frozen importlib._bootstrap_external>", line 728, in exec_module
  File "<frozen importlib._bootstrap>", line 219, in _call_with_frames_removed
  File "/opt/airflow/dags/dag_taskflow_api.py", line 38, in <module>
    greet_etl=hello_world_etl()
  File "/home/airflow/.local/lib/python3.7/site-packages/airflow/models/dag.py", line 3555, in factory
    f(**f_kwargs)
  File "/opt/airflow/dags/dag_taskflow_api.py", line 34, in hello_world_etl
    firstname, lastname=get_name()
  File "/home/airflow/.local/lib/python3.7/site-packages/airflow/models/xcom_arg.py", line 251, in __iter__
    raise TypeError("'XComArg' object is not iterable")
TypeError: 'XComArg' object is not iterable
[2023-03-04T15:00:21.643+0000] {processor.py:755} WARNING - No viable dags retrieved from /opt/airflow/dags/dag_taskflow_api.py
[2023-03-04T15:00:21.668+0000] {processor.py:175} INFO - Processing /opt/airflow/dags/dag_taskflow_api.py took 0.061 seconds
[2023-03-04T15:00:51.885+0000] {processor.py:153} INFO - Started process (PID=6559) to work on /opt/airflow/dags/dag_taskflow_api.py
[2023-03-04T15:00:51.886+0000] {processor.py:743} INFO - Processing file /opt/airflow/dags/dag_taskflow_api.py for tasks to queue
[2023-03-04T15:00:51.887+0000] {logging_mixin.py:137} INFO - [2023-03-04T15:00:51.886+0000] {dagbag.py:538} INFO - Filling up the DagBag from /opt/airflow/dags/dag_taskflow_api.py
[2023-03-04T15:00:51.915+0000] {logging_mixin.py:137} INFO - [2023-03-04T15:00:51.913+0000] {dagbag.py:343} ERROR - Failed to import: /opt/airflow/dags/dag_taskflow_api.py
Traceback (most recent call last):
  File "/home/airflow/.local/lib/python3.7/site-packages/airflow/models/dagbag.py", line 339, in parse
    loader.exec_module(new_module)
  File "<frozen importlib._bootstrap_external>", line 728, in exec_module
  File "<frozen importlib._bootstrap>", line 219, in _call_with_frames_removed
  File "/opt/airflow/dags/dag_taskflow_api.py", line 38, in <module>
    greet_etl=hello_world_etl()
  File "/home/airflow/.local/lib/python3.7/site-packages/airflow/models/dag.py", line 3555, in factory
    f(**f_kwargs)
  File "/opt/airflow/dags/dag_taskflow_api.py", line 34, in hello_world_etl
    firstname, lastname=get_name()
  File "/home/airflow/.local/lib/python3.7/site-packages/airflow/models/xcom_arg.py", line 251, in __iter__
    raise TypeError("'XComArg' object is not iterable")
TypeError: 'XComArg' object is not iterable
[2023-03-04T15:00:51.916+0000] {processor.py:755} WARNING - No viable dags retrieved from /opt/airflow/dags/dag_taskflow_api.py
[2023-03-04T15:00:51.945+0000] {processor.py:175} INFO - Processing /opt/airflow/dags/dag_taskflow_api.py took 0.065 seconds
[2023-03-04T15:00:57.012+0000] {processor.py:153} INFO - Started process (PID=6564) to work on /opt/airflow/dags/dag_taskflow_api.py
[2023-03-04T15:00:57.013+0000] {processor.py:743} INFO - Processing file /opt/airflow/dags/dag_taskflow_api.py for tasks to queue
[2023-03-04T15:00:57.014+0000] {logging_mixin.py:137} INFO - [2023-03-04T15:00:57.014+0000] {dagbag.py:538} INFO - Filling up the DagBag from /opt/airflow/dags/dag_taskflow_api.py
[2023-03-04T15:00:57.044+0000] {logging_mixin.py:137} INFO - [2023-03-04T15:00:57.044+0000] {taskmixin.py:205} WARNING - Dependency <Task(_PythonDecoratedOperator): get_name>, greet already registered for DAG: dag_taskflow_api_v2
[2023-03-04T15:00:57.044+0000] {logging_mixin.py:137} INFO - [2023-03-04T15:00:57.044+0000] {taskmixin.py:205} WARNING - Dependency <Task(_PythonDecoratedOperator): greet>, get_name already registered for DAG: dag_taskflow_api_v2
[2023-03-04T15:00:57.052+0000] {processor.py:753} INFO - DAG(s) dict_keys(['dag_taskflow_api_v2']) retrieved from /opt/airflow/dags/dag_taskflow_api.py
[2023-03-04T15:00:57.206+0000] {logging_mixin.py:137} INFO - [2023-03-04T15:00:57.205+0000] {manager.py:504} INFO - Created Permission View: can read on DAG:dag_taskflow_api_v2
[2023-03-04T15:00:57.223+0000] {logging_mixin.py:137} INFO - [2023-03-04T15:00:57.223+0000] {manager.py:504} INFO - Created Permission View: can edit on DAG:dag_taskflow_api_v2
[2023-03-04T15:00:57.238+0000] {logging_mixin.py:137} INFO - [2023-03-04T15:00:57.237+0000] {manager.py:504} INFO - Created Permission View: can delete on DAG:dag_taskflow_api_v2
[2023-03-04T15:00:57.238+0000] {logging_mixin.py:137} INFO - [2023-03-04T15:00:57.238+0000] {dag.py:2690} INFO - Sync 1 DAGs
[2023-03-04T15:00:57.262+0000] {logging_mixin.py:137} INFO - [2023-03-04T15:00:57.262+0000] {dag.py:2711} INFO - Creating ORM DAG for dag_taskflow_api_v2
[2023-03-04T15:00:57.281+0000] {logging_mixin.py:137} INFO - [2023-03-04T15:00:57.281+0000] {dag.py:3441} INFO - Setting next_dagrun for dag_taskflow_api_v2 to 2023-03-03T00:00:00+00:00, run_after=2023-03-04T00:00:00+00:00
[2023-03-04T15:00:57.305+0000] {processor.py:175} INFO - Processing /opt/airflow/dags/dag_taskflow_api.py took 0.299 seconds
[2023-03-04T15:01:27.477+0000] {processor.py:153} INFO - Started process (PID=6598) to work on /opt/airflow/dags/dag_taskflow_api.py
[2023-03-04T15:01:27.478+0000] {processor.py:743} INFO - Processing file /opt/airflow/dags/dag_taskflow_api.py for tasks to queue
[2023-03-04T15:01:27.479+0000] {logging_mixin.py:137} INFO - [2023-03-04T15:01:27.479+0000] {dagbag.py:538} INFO - Filling up the DagBag from /opt/airflow/dags/dag_taskflow_api.py
[2023-03-04T15:01:27.519+0000] {logging_mixin.py:137} INFO - [2023-03-04T15:01:27.519+0000] {taskmixin.py:205} WARNING - Dependency <Task(_PythonDecoratedOperator): get_name>, greet already registered for DAG: dag_taskflow_api_v2
[2023-03-04T15:01:27.519+0000] {logging_mixin.py:137} INFO - [2023-03-04T15:01:27.519+0000] {taskmixin.py:205} WARNING - Dependency <Task(_PythonDecoratedOperator): greet>, get_name already registered for DAG: dag_taskflow_api_v2
[2023-03-04T15:01:27.528+0000] {processor.py:753} INFO - DAG(s) dict_keys(['dag_taskflow_api_v2']) retrieved from /opt/airflow/dags/dag_taskflow_api.py
[2023-03-04T15:01:27.562+0000] {logging_mixin.py:137} INFO - [2023-03-04T15:01:27.562+0000] {dag.py:2690} INFO - Sync 1 DAGs
[2023-03-04T15:01:27.603+0000] {logging_mixin.py:137} INFO - [2023-03-04T15:01:27.603+0000] {dag.py:3441} INFO - Setting next_dagrun for dag_taskflow_api_v2 to 2023-03-03T00:00:00+00:00, run_after=2023-03-04T00:00:00+00:00
[2023-03-04T15:01:27.650+0000] {processor.py:175} INFO - Processing /opt/airflow/dags/dag_taskflow_api.py took 0.178 seconds
[2023-03-04T15:01:57.701+0000] {processor.py:153} INFO - Started process (PID=6645) to work on /opt/airflow/dags/dag_taskflow_api.py
[2023-03-04T15:01:57.703+0000] {processor.py:743} INFO - Processing file /opt/airflow/dags/dag_taskflow_api.py for tasks to queue
[2023-03-04T15:01:57.704+0000] {logging_mixin.py:137} INFO - [2023-03-04T15:01:57.704+0000] {dagbag.py:538} INFO - Filling up the DagBag from /opt/airflow/dags/dag_taskflow_api.py
[2023-03-04T15:01:57.745+0000] {logging_mixin.py:137} INFO - [2023-03-04T15:01:57.744+0000] {taskmixin.py:205} WARNING - Dependency <Task(_PythonDecoratedOperator): get_name>, greet already registered for DAG: dag_taskflow_api_v2
[2023-03-04T15:01:57.745+0000] {logging_mixin.py:137} INFO - [2023-03-04T15:01:57.745+0000] {taskmixin.py:205} WARNING - Dependency <Task(_PythonDecoratedOperator): greet>, get_name already registered for DAG: dag_taskflow_api_v2
[2023-03-04T15:01:57.756+0000] {processor.py:753} INFO - DAG(s) dict_keys(['dag_taskflow_api_v2']) retrieved from /opt/airflow/dags/dag_taskflow_api.py
[2023-03-04T15:01:57.803+0000] {logging_mixin.py:137} INFO - [2023-03-04T15:01:57.803+0000] {dag.py:2690} INFO - Sync 1 DAGs
[2023-03-04T15:01:57.854+0000] {logging_mixin.py:137} INFO - [2023-03-04T15:01:57.854+0000] {dag.py:3441} INFO - Setting next_dagrun for dag_taskflow_api_v2 to 2023-03-04T00:00:00+00:00, run_after=2023-03-05T00:00:00+00:00
[2023-03-04T15:01:57.893+0000] {processor.py:175} INFO - Processing /opt/airflow/dags/dag_taskflow_api.py took 0.198 seconds
[2023-03-04T15:02:28.139+0000] {processor.py:153} INFO - Started process (PID=6690) to work on /opt/airflow/dags/dag_taskflow_api.py
[2023-03-04T15:02:28.141+0000] {processor.py:743} INFO - Processing file /opt/airflow/dags/dag_taskflow_api.py for tasks to queue
[2023-03-04T15:02:28.143+0000] {logging_mixin.py:137} INFO - [2023-03-04T15:02:28.142+0000] {dagbag.py:538} INFO - Filling up the DagBag from /opt/airflow/dags/dag_taskflow_api.py
[2023-03-04T15:02:28.199+0000] {logging_mixin.py:137} INFO - [2023-03-04T15:02:28.199+0000] {taskmixin.py:205} WARNING - Dependency <Task(_PythonDecoratedOperator): get_name>, greet already registered for DAG: dag_taskflow_api_v2
[2023-03-04T15:02:28.200+0000] {logging_mixin.py:137} INFO - [2023-03-04T15:02:28.199+0000] {taskmixin.py:205} WARNING - Dependency <Task(_PythonDecoratedOperator): greet>, get_name already registered for DAG: dag_taskflow_api_v2
[2023-03-04T15:02:28.223+0000] {processor.py:753} INFO - DAG(s) dict_keys(['dag_taskflow_api_v2']) retrieved from /opt/airflow/dags/dag_taskflow_api.py
[2023-03-04T15:02:28.293+0000] {logging_mixin.py:137} INFO - [2023-03-04T15:02:28.293+0000] {dag.py:2690} INFO - Sync 1 DAGs
[2023-03-04T15:02:28.353+0000] {logging_mixin.py:137} INFO - [2023-03-04T15:02:28.353+0000] {dag.py:3441} INFO - Setting next_dagrun for dag_taskflow_api_v2 to 2023-03-04T00:00:00+00:00, run_after=2023-03-05T00:00:00+00:00
[2023-03-04T15:02:28.387+0000] {processor.py:175} INFO - Processing /opt/airflow/dags/dag_taskflow_api.py took 0.255 seconds
[2023-03-04T15:02:58.594+0000] {processor.py:153} INFO - Started process (PID=6727) to work on /opt/airflow/dags/dag_taskflow_api.py
[2023-03-04T15:02:58.597+0000] {processor.py:743} INFO - Processing file /opt/airflow/dags/dag_taskflow_api.py for tasks to queue
[2023-03-04T15:02:58.599+0000] {logging_mixin.py:137} INFO - [2023-03-04T15:02:58.599+0000] {dagbag.py:538} INFO - Filling up the DagBag from /opt/airflow/dags/dag_taskflow_api.py
[2023-03-04T15:02:58.631+0000] {logging_mixin.py:137} INFO - [2023-03-04T15:02:58.630+0000] {taskmixin.py:205} WARNING - Dependency <Task(_PythonDecoratedOperator): get_name>, greet already registered for DAG: dag_taskflow_api_v2
[2023-03-04T15:02:58.631+0000] {logging_mixin.py:137} INFO - [2023-03-04T15:02:58.631+0000] {taskmixin.py:205} WARNING - Dependency <Task(_PythonDecoratedOperator): greet>, get_name already registered for DAG: dag_taskflow_api_v2
[2023-03-04T15:02:58.639+0000] {processor.py:753} INFO - DAG(s) dict_keys(['dag_taskflow_api_v2']) retrieved from /opt/airflow/dags/dag_taskflow_api.py
[2023-03-04T15:02:58.670+0000] {logging_mixin.py:137} INFO - [2023-03-04T15:02:58.669+0000] {dag.py:2690} INFO - Sync 1 DAGs
[2023-03-04T15:02:58.709+0000] {logging_mixin.py:137} INFO - [2023-03-04T15:02:58.709+0000] {dag.py:3441} INFO - Setting next_dagrun for dag_taskflow_api_v2 to 2023-03-04T00:00:00+00:00, run_after=2023-03-05T00:00:00+00:00
[2023-03-04T15:02:58.735+0000] {processor.py:175} INFO - Processing /opt/airflow/dags/dag_taskflow_api.py took 0.148 seconds
[2023-03-04T15:03:28.950+0000] {processor.py:153} INFO - Started process (PID=6762) to work on /opt/airflow/dags/dag_taskflow_api.py
[2023-03-04T15:03:28.951+0000] {processor.py:743} INFO - Processing file /opt/airflow/dags/dag_taskflow_api.py for tasks to queue
[2023-03-04T15:03:28.952+0000] {logging_mixin.py:137} INFO - [2023-03-04T15:03:28.952+0000] {dagbag.py:538} INFO - Filling up the DagBag from /opt/airflow/dags/dag_taskflow_api.py
[2023-03-04T15:03:28.991+0000] {logging_mixin.py:137} INFO - [2023-03-04T15:03:28.991+0000] {taskmixin.py:205} WARNING - Dependency <Task(_PythonDecoratedOperator): get_name>, greet already registered for DAG: dag_taskflow_api_v2
[2023-03-04T15:03:28.992+0000] {logging_mixin.py:137} INFO - [2023-03-04T15:03:28.992+0000] {taskmixin.py:205} WARNING - Dependency <Task(_PythonDecoratedOperator): greet>, get_name already registered for DAG: dag_taskflow_api_v2
[2023-03-04T15:03:29.000+0000] {processor.py:753} INFO - DAG(s) dict_keys(['dag_taskflow_api_v2']) retrieved from /opt/airflow/dags/dag_taskflow_api.py
[2023-03-04T15:03:29.046+0000] {logging_mixin.py:137} INFO - [2023-03-04T15:03:29.046+0000] {dag.py:2690} INFO - Sync 1 DAGs
[2023-03-04T15:03:29.105+0000] {logging_mixin.py:137} INFO - [2023-03-04T15:03:29.105+0000] {dag.py:3441} INFO - Setting next_dagrun for dag_taskflow_api_v2 to 2023-03-04T00:00:00+00:00, run_after=2023-03-05T00:00:00+00:00
[2023-03-04T15:03:29.155+0000] {processor.py:175} INFO - Processing /opt/airflow/dags/dag_taskflow_api.py took 0.211 seconds
[2023-03-04T15:03:59.472+0000] {processor.py:153} INFO - Started process (PID=6795) to work on /opt/airflow/dags/dag_taskflow_api.py
[2023-03-04T15:03:59.478+0000] {processor.py:743} INFO - Processing file /opt/airflow/dags/dag_taskflow_api.py for tasks to queue
[2023-03-04T15:03:59.480+0000] {logging_mixin.py:137} INFO - [2023-03-04T15:03:59.479+0000] {dagbag.py:538} INFO - Filling up the DagBag from /opt/airflow/dags/dag_taskflow_api.py
[2023-03-04T15:03:59.547+0000] {logging_mixin.py:137} INFO - [2023-03-04T15:03:59.546+0000] {taskmixin.py:205} WARNING - Dependency <Task(_PythonDecoratedOperator): get_name>, greet already registered for DAG: dag_taskflow_api_v2
[2023-03-04T15:03:59.548+0000] {logging_mixin.py:137} INFO - [2023-03-04T15:03:59.548+0000] {taskmixin.py:205} WARNING - Dependency <Task(_PythonDecoratedOperator): greet>, get_name already registered for DAG: dag_taskflow_api_v2
[2023-03-04T15:03:59.576+0000] {processor.py:753} INFO - DAG(s) dict_keys(['dag_taskflow_api_v2']) retrieved from /opt/airflow/dags/dag_taskflow_api.py
[2023-03-04T15:03:59.651+0000] {logging_mixin.py:137} INFO - [2023-03-04T15:03:59.650+0000] {dag.py:2690} INFO - Sync 1 DAGs
[2023-03-04T15:03:59.789+0000] {logging_mixin.py:137} INFO - [2023-03-04T15:03:59.789+0000] {dag.py:3441} INFO - Setting next_dagrun for dag_taskflow_api_v2 to 2023-03-04T00:00:00+00:00, run_after=2023-03-05T00:00:00+00:00
[2023-03-04T15:03:59.867+0000] {processor.py:175} INFO - Processing /opt/airflow/dags/dag_taskflow_api.py took 0.401 seconds
[2023-03-04T15:04:30.062+0000] {processor.py:153} INFO - Started process (PID=6829) to work on /opt/airflow/dags/dag_taskflow_api.py
[2023-03-04T15:04:30.064+0000] {processor.py:743} INFO - Processing file /opt/airflow/dags/dag_taskflow_api.py for tasks to queue
[2023-03-04T15:04:30.065+0000] {logging_mixin.py:137} INFO - [2023-03-04T15:04:30.065+0000] {dagbag.py:538} INFO - Filling up the DagBag from /opt/airflow/dags/dag_taskflow_api.py
[2023-03-04T15:04:30.106+0000] {logging_mixin.py:137} INFO - [2023-03-04T15:04:30.106+0000] {taskmixin.py:205} WARNING - Dependency <Task(_PythonDecoratedOperator): get_name>, greet already registered for DAG: dag_taskflow_api_v2
[2023-03-04T15:04:30.106+0000] {logging_mixin.py:137} INFO - [2023-03-04T15:04:30.106+0000] {taskmixin.py:205} WARNING - Dependency <Task(_PythonDecoratedOperator): greet>, get_name already registered for DAG: dag_taskflow_api_v2
[2023-03-04T15:04:30.119+0000] {processor.py:753} INFO - DAG(s) dict_keys(['dag_taskflow_api_v2']) retrieved from /opt/airflow/dags/dag_taskflow_api.py
[2023-03-04T15:04:30.165+0000] {logging_mixin.py:137} INFO - [2023-03-04T15:04:30.164+0000] {dag.py:2690} INFO - Sync 1 DAGs
[2023-03-04T15:04:30.221+0000] {logging_mixin.py:137} INFO - [2023-03-04T15:04:30.221+0000] {dag.py:3441} INFO - Setting next_dagrun for dag_taskflow_api_v2 to 2023-03-04T00:00:00+00:00, run_after=2023-03-05T00:00:00+00:00
[2023-03-04T15:04:30.266+0000] {processor.py:175} INFO - Processing /opt/airflow/dags/dag_taskflow_api.py took 0.212 seconds
[2023-03-04T15:05:00.525+0000] {processor.py:153} INFO - Started process (PID=6862) to work on /opt/airflow/dags/dag_taskflow_api.py
[2023-03-04T15:05:00.528+0000] {processor.py:743} INFO - Processing file /opt/airflow/dags/dag_taskflow_api.py for tasks to queue
[2023-03-04T15:05:00.529+0000] {logging_mixin.py:137} INFO - [2023-03-04T15:05:00.529+0000] {dagbag.py:538} INFO - Filling up the DagBag from /opt/airflow/dags/dag_taskflow_api.py
[2023-03-04T15:05:00.620+0000] {logging_mixin.py:137} INFO - [2023-03-04T15:05:00.619+0000] {taskmixin.py:205} WARNING - Dependency <Task(_PythonDecoratedOperator): get_name>, greet already registered for DAG: dag_taskflow_api_v2
[2023-03-04T15:05:00.620+0000] {logging_mixin.py:137} INFO - [2023-03-04T15:05:00.620+0000] {taskmixin.py:205} WARNING - Dependency <Task(_PythonDecoratedOperator): greet>, get_name already registered for DAG: dag_taskflow_api_v2
[2023-03-04T15:05:00.639+0000] {processor.py:753} INFO - DAG(s) dict_keys(['dag_taskflow_api_v2']) retrieved from /opt/airflow/dags/dag_taskflow_api.py
[2023-03-04T15:05:00.710+0000] {logging_mixin.py:137} INFO - [2023-03-04T15:05:00.710+0000] {dag.py:2690} INFO - Sync 1 DAGs
[2023-03-04T15:05:00.806+0000] {logging_mixin.py:137} INFO - [2023-03-04T15:05:00.806+0000] {dag.py:3441} INFO - Setting next_dagrun for dag_taskflow_api_v2 to 2023-03-04T00:00:00+00:00, run_after=2023-03-05T00:00:00+00:00
[2023-03-04T15:05:00.842+0000] {processor.py:175} INFO - Processing /opt/airflow/dags/dag_taskflow_api.py took 0.322 seconds
[2023-03-04T15:05:31.086+0000] {processor.py:153} INFO - Started process (PID=6896) to work on /opt/airflow/dags/dag_taskflow_api.py
[2023-03-04T15:05:31.088+0000] {processor.py:743} INFO - Processing file /opt/airflow/dags/dag_taskflow_api.py for tasks to queue
[2023-03-04T15:05:31.090+0000] {logging_mixin.py:137} INFO - [2023-03-04T15:05:31.089+0000] {dagbag.py:538} INFO - Filling up the DagBag from /opt/airflow/dags/dag_taskflow_api.py
[2023-03-04T15:05:31.132+0000] {logging_mixin.py:137} INFO - [2023-03-04T15:05:31.131+0000] {taskmixin.py:205} WARNING - Dependency <Task(_PythonDecoratedOperator): get_name>, greet already registered for DAG: dag_taskflow_api_v2
[2023-03-04T15:05:31.132+0000] {logging_mixin.py:137} INFO - [2023-03-04T15:05:31.132+0000] {taskmixin.py:205} WARNING - Dependency <Task(_PythonDecoratedOperator): greet>, get_name already registered for DAG: dag_taskflow_api_v2
[2023-03-04T15:05:31.146+0000] {processor.py:753} INFO - DAG(s) dict_keys(['dag_taskflow_api_v2']) retrieved from /opt/airflow/dags/dag_taskflow_api.py
[2023-03-04T15:05:31.195+0000] {logging_mixin.py:137} INFO - [2023-03-04T15:05:31.195+0000] {dag.py:2690} INFO - Sync 1 DAGs
[2023-03-04T15:05:31.250+0000] {logging_mixin.py:137} INFO - [2023-03-04T15:05:31.250+0000] {dag.py:3441} INFO - Setting next_dagrun for dag_taskflow_api_v2 to 2023-03-04T00:00:00+00:00, run_after=2023-03-05T00:00:00+00:00
[2023-03-04T15:05:31.304+0000] {processor.py:175} INFO - Processing /opt/airflow/dags/dag_taskflow_api.py took 0.225 seconds
[2023-03-04T15:06:01.555+0000] {processor.py:153} INFO - Started process (PID=6931) to work on /opt/airflow/dags/dag_taskflow_api.py
[2023-03-04T15:06:01.558+0000] {processor.py:743} INFO - Processing file /opt/airflow/dags/dag_taskflow_api.py for tasks to queue
[2023-03-04T15:06:01.559+0000] {logging_mixin.py:137} INFO - [2023-03-04T15:06:01.559+0000] {dagbag.py:538} INFO - Filling up the DagBag from /opt/airflow/dags/dag_taskflow_api.py
[2023-03-04T15:06:01.608+0000] {logging_mixin.py:137} INFO - [2023-03-04T15:06:01.608+0000] {taskmixin.py:205} WARNING - Dependency <Task(_PythonDecoratedOperator): get_name>, greet already registered for DAG: dag_taskflow_api_v2
[2023-03-04T15:06:01.609+0000] {logging_mixin.py:137} INFO - [2023-03-04T15:06:01.609+0000] {taskmixin.py:205} WARNING - Dependency <Task(_PythonDecoratedOperator): greet>, get_name already registered for DAG: dag_taskflow_api_v2
[2023-03-04T15:06:01.623+0000] {processor.py:753} INFO - DAG(s) dict_keys(['dag_taskflow_api_v2']) retrieved from /opt/airflow/dags/dag_taskflow_api.py
[2023-03-04T15:06:01.676+0000] {logging_mixin.py:137} INFO - [2023-03-04T15:06:01.676+0000] {dag.py:2690} INFO - Sync 1 DAGs
[2023-03-04T15:06:01.750+0000] {logging_mixin.py:137} INFO - [2023-03-04T15:06:01.750+0000] {dag.py:3441} INFO - Setting next_dagrun for dag_taskflow_api_v2 to 2023-03-04T00:00:00+00:00, run_after=2023-03-05T00:00:00+00:00
[2023-03-04T15:06:01.802+0000] {processor.py:175} INFO - Processing /opt/airflow/dags/dag_taskflow_api.py took 0.252 seconds
[2023-03-04T15:06:32.024+0000] {processor.py:153} INFO - Started process (PID=6965) to work on /opt/airflow/dags/dag_taskflow_api.py
[2023-03-04T15:06:32.024+0000] {processor.py:743} INFO - Processing file /opt/airflow/dags/dag_taskflow_api.py for tasks to queue
[2023-03-04T15:06:32.025+0000] {logging_mixin.py:137} INFO - [2023-03-04T15:06:32.025+0000] {dagbag.py:538} INFO - Filling up the DagBag from /opt/airflow/dags/dag_taskflow_api.py
[2023-03-04T15:06:32.097+0000] {logging_mixin.py:137} INFO - [2023-03-04T15:06:32.096+0000] {taskmixin.py:205} WARNING - Dependency <Task(_PythonDecoratedOperator): get_name>, greet already registered for DAG: dag_taskflow_api_v2
[2023-03-04T15:06:32.097+0000] {logging_mixin.py:137} INFO - [2023-03-04T15:06:32.097+0000] {taskmixin.py:205} WARNING - Dependency <Task(_PythonDecoratedOperator): greet>, get_name already registered for DAG: dag_taskflow_api_v2
[2023-03-04T15:06:32.118+0000] {processor.py:753} INFO - DAG(s) dict_keys(['dag_taskflow_api_v2']) retrieved from /opt/airflow/dags/dag_taskflow_api.py
[2023-03-04T15:06:32.189+0000] {logging_mixin.py:137} INFO - [2023-03-04T15:06:32.188+0000] {dag.py:2690} INFO - Sync 1 DAGs
[2023-03-04T15:06:32.257+0000] {logging_mixin.py:137} INFO - [2023-03-04T15:06:32.257+0000] {dag.py:3441} INFO - Setting next_dagrun for dag_taskflow_api_v2 to 2023-03-04T00:00:00+00:00, run_after=2023-03-05T00:00:00+00:00
[2023-03-04T15:06:32.297+0000] {processor.py:175} INFO - Processing /opt/airflow/dags/dag_taskflow_api.py took 0.279 seconds
[2023-03-04T15:07:02.452+0000] {processor.py:153} INFO - Started process (PID=6999) to work on /opt/airflow/dags/dag_taskflow_api.py
[2023-03-04T15:07:02.455+0000] {processor.py:743} INFO - Processing file /opt/airflow/dags/dag_taskflow_api.py for tasks to queue
[2023-03-04T15:07:02.460+0000] {logging_mixin.py:137} INFO - [2023-03-04T15:07:02.459+0000] {dagbag.py:538} INFO - Filling up the DagBag from /opt/airflow/dags/dag_taskflow_api.py
[2023-03-04T15:07:02.538+0000] {logging_mixin.py:137} INFO - [2023-03-04T15:07:02.537+0000] {taskmixin.py:205} WARNING - Dependency <Task(_PythonDecoratedOperator): get_name>, greet already registered for DAG: dag_taskflow_api_v2
[2023-03-04T15:07:02.539+0000] {logging_mixin.py:137} INFO - [2023-03-04T15:07:02.538+0000] {taskmixin.py:205} WARNING - Dependency <Task(_PythonDecoratedOperator): greet>, get_name already registered for DAG: dag_taskflow_api_v2
[2023-03-04T15:07:02.561+0000] {processor.py:753} INFO - DAG(s) dict_keys(['dag_taskflow_api_v2']) retrieved from /opt/airflow/dags/dag_taskflow_api.py
[2023-03-04T15:07:02.621+0000] {logging_mixin.py:137} INFO - [2023-03-04T15:07:02.621+0000] {dag.py:2690} INFO - Sync 1 DAGs
[2023-03-04T15:07:02.681+0000] {logging_mixin.py:137} INFO - [2023-03-04T15:07:02.680+0000] {dag.py:3441} INFO - Setting next_dagrun for dag_taskflow_api_v2 to 2023-03-04T00:00:00+00:00, run_after=2023-03-05T00:00:00+00:00
[2023-03-04T15:07:02.715+0000] {processor.py:175} INFO - Processing /opt/airflow/dags/dag_taskflow_api.py took 0.279 seconds
[2023-03-04T15:07:32.856+0000] {processor.py:153} INFO - Started process (PID=7035) to work on /opt/airflow/dags/dag_taskflow_api.py
[2023-03-04T15:07:32.857+0000] {processor.py:743} INFO - Processing file /opt/airflow/dags/dag_taskflow_api.py for tasks to queue
[2023-03-04T15:07:32.859+0000] {logging_mixin.py:137} INFO - [2023-03-04T15:07:32.858+0000] {dagbag.py:538} INFO - Filling up the DagBag from /opt/airflow/dags/dag_taskflow_api.py
[2023-03-04T15:07:32.905+0000] {logging_mixin.py:137} INFO - [2023-03-04T15:07:32.905+0000] {taskmixin.py:205} WARNING - Dependency <Task(_PythonDecoratedOperator): get_name>, greet already registered for DAG: dag_taskflow_api_v2
[2023-03-04T15:07:32.906+0000] {logging_mixin.py:137} INFO - [2023-03-04T15:07:32.906+0000] {taskmixin.py:205} WARNING - Dependency <Task(_PythonDecoratedOperator): greet>, get_name already registered for DAG: dag_taskflow_api_v2
[2023-03-04T15:07:32.922+0000] {processor.py:753} INFO - DAG(s) dict_keys(['dag_taskflow_api_v2']) retrieved from /opt/airflow/dags/dag_taskflow_api.py
[2023-03-04T15:07:32.989+0000] {logging_mixin.py:137} INFO - [2023-03-04T15:07:32.988+0000] {dag.py:2690} INFO - Sync 1 DAGs
[2023-03-04T15:07:33.047+0000] {logging_mixin.py:137} INFO - [2023-03-04T15:07:33.047+0000] {dag.py:3441} INFO - Setting next_dagrun for dag_taskflow_api_v2 to 2023-03-04T00:00:00+00:00, run_after=2023-03-05T00:00:00+00:00
[2023-03-04T15:07:33.083+0000] {processor.py:175} INFO - Processing /opt/airflow/dags/dag_taskflow_api.py took 0.233 seconds
[2023-03-04T15:08:03.413+0000] {processor.py:153} INFO - Started process (PID=7070) to work on /opt/airflow/dags/dag_taskflow_api.py
[2023-03-04T15:08:03.415+0000] {processor.py:743} INFO - Processing file /opt/airflow/dags/dag_taskflow_api.py for tasks to queue
[2023-03-04T15:08:03.417+0000] {logging_mixin.py:137} INFO - [2023-03-04T15:08:03.416+0000] {dagbag.py:538} INFO - Filling up the DagBag from /opt/airflow/dags/dag_taskflow_api.py
[2023-03-04T15:08:03.495+0000] {logging_mixin.py:137} INFO - [2023-03-04T15:08:03.494+0000] {taskmixin.py:205} WARNING - Dependency <Task(_PythonDecoratedOperator): get_name>, greet already registered for DAG: dag_taskflow_api_v2
[2023-03-04T15:08:03.495+0000] {logging_mixin.py:137} INFO - [2023-03-04T15:08:03.495+0000] {taskmixin.py:205} WARNING - Dependency <Task(_PythonDecoratedOperator): greet>, get_name already registered for DAG: dag_taskflow_api_v2
[2023-03-04T15:08:03.514+0000] {processor.py:753} INFO - DAG(s) dict_keys(['dag_taskflow_api_v2']) retrieved from /opt/airflow/dags/dag_taskflow_api.py
[2023-03-04T15:08:03.579+0000] {logging_mixin.py:137} INFO - [2023-03-04T15:08:03.578+0000] {dag.py:2690} INFO - Sync 1 DAGs
[2023-03-04T15:08:03.633+0000] {logging_mixin.py:137} INFO - [2023-03-04T15:08:03.633+0000] {dag.py:3441} INFO - Setting next_dagrun for dag_taskflow_api_v2 to 2023-03-04T00:00:00+00:00, run_after=2023-03-05T00:00:00+00:00
[2023-03-04T15:08:03.667+0000] {processor.py:175} INFO - Processing /opt/airflow/dags/dag_taskflow_api.py took 0.279 seconds
[2023-03-04T15:08:33.893+0000] {processor.py:153} INFO - Started process (PID=7111) to work on /opt/airflow/dags/dag_taskflow_api.py
[2023-03-04T15:08:33.899+0000] {processor.py:743} INFO - Processing file /opt/airflow/dags/dag_taskflow_api.py for tasks to queue
[2023-03-04T15:08:33.902+0000] {logging_mixin.py:137} INFO - [2023-03-04T15:08:33.901+0000] {dagbag.py:538} INFO - Filling up the DagBag from /opt/airflow/dags/dag_taskflow_api.py
[2023-03-04T15:08:33.952+0000] {logging_mixin.py:137} INFO - [2023-03-04T15:08:33.951+0000] {taskmixin.py:205} WARNING - Dependency <Task(_PythonDecoratedOperator): get_name>, greet already registered for DAG: dag_taskflow_api_v2
[2023-03-04T15:08:33.952+0000] {logging_mixin.py:137} INFO - [2023-03-04T15:08:33.952+0000] {taskmixin.py:205} WARNING - Dependency <Task(_PythonDecoratedOperator): greet>, get_name already registered for DAG: dag_taskflow_api_v2
[2023-03-04T15:08:33.968+0000] {processor.py:753} INFO - DAG(s) dict_keys(['dag_taskflow_api_v2']) retrieved from /opt/airflow/dags/dag_taskflow_api.py
[2023-03-04T15:08:34.022+0000] {logging_mixin.py:137} INFO - [2023-03-04T15:08:34.022+0000] {dag.py:2690} INFO - Sync 1 DAGs
[2023-03-04T15:08:34.094+0000] {logging_mixin.py:137} INFO - [2023-03-04T15:08:34.093+0000] {dag.py:3441} INFO - Setting next_dagrun for dag_taskflow_api_v2 to 2023-03-04T00:00:00+00:00, run_after=2023-03-05T00:00:00+00:00
[2023-03-04T15:08:34.147+0000] {processor.py:175} INFO - Processing /opt/airflow/dags/dag_taskflow_api.py took 0.261 seconds
[2023-03-04T15:09:04.376+0000] {processor.py:153} INFO - Started process (PID=7147) to work on /opt/airflow/dags/dag_taskflow_api.py
[2023-03-04T15:09:04.377+0000] {processor.py:743} INFO - Processing file /opt/airflow/dags/dag_taskflow_api.py for tasks to queue
[2023-03-04T15:09:04.379+0000] {logging_mixin.py:137} INFO - [2023-03-04T15:09:04.378+0000] {dagbag.py:538} INFO - Filling up the DagBag from /opt/airflow/dags/dag_taskflow_api.py
[2023-03-04T15:09:04.443+0000] {logging_mixin.py:137} INFO - [2023-03-04T15:09:04.443+0000] {taskmixin.py:205} WARNING - Dependency <Task(_PythonDecoratedOperator): get_name>, greet already registered for DAG: dag_taskflow_api_v2
[2023-03-04T15:09:04.444+0000] {logging_mixin.py:137} INFO - [2023-03-04T15:09:04.444+0000] {taskmixin.py:205} WARNING - Dependency <Task(_PythonDecoratedOperator): greet>, get_name already registered for DAG: dag_taskflow_api_v2
[2023-03-04T15:09:04.461+0000] {processor.py:753} INFO - DAG(s) dict_keys(['dag_taskflow_api_v2']) retrieved from /opt/airflow/dags/dag_taskflow_api.py
[2023-03-04T15:09:04.515+0000] {logging_mixin.py:137} INFO - [2023-03-04T15:09:04.515+0000] {dag.py:2690} INFO - Sync 1 DAGs
[2023-03-04T15:09:04.592+0000] {logging_mixin.py:137} INFO - [2023-03-04T15:09:04.591+0000] {dag.py:3441} INFO - Setting next_dagrun for dag_taskflow_api_v2 to 2023-03-04T00:00:00+00:00, run_after=2023-03-05T00:00:00+00:00
[2023-03-04T15:09:04.649+0000] {processor.py:175} INFO - Processing /opt/airflow/dags/dag_taskflow_api.py took 0.281 seconds
[2023-03-04T15:09:34.974+0000] {processor.py:153} INFO - Started process (PID=7180) to work on /opt/airflow/dags/dag_taskflow_api.py
[2023-03-04T15:09:34.976+0000] {processor.py:743} INFO - Processing file /opt/airflow/dags/dag_taskflow_api.py for tasks to queue
[2023-03-04T15:09:34.981+0000] {logging_mixin.py:137} INFO - [2023-03-04T15:09:34.979+0000] {dagbag.py:538} INFO - Filling up the DagBag from /opt/airflow/dags/dag_taskflow_api.py
[2023-03-04T15:09:35.057+0000] {logging_mixin.py:137} INFO - [2023-03-04T15:09:35.057+0000] {taskmixin.py:205} WARNING - Dependency <Task(_PythonDecoratedOperator): get_name>, greet already registered for DAG: dag_taskflow_api_v2
[2023-03-04T15:09:35.058+0000] {logging_mixin.py:137} INFO - [2023-03-04T15:09:35.058+0000] {taskmixin.py:205} WARNING - Dependency <Task(_PythonDecoratedOperator): greet>, get_name already registered for DAG: dag_taskflow_api_v2
[2023-03-04T15:09:35.076+0000] {processor.py:753} INFO - DAG(s) dict_keys(['dag_taskflow_api_v2']) retrieved from /opt/airflow/dags/dag_taskflow_api.py
[2023-03-04T15:09:35.146+0000] {logging_mixin.py:137} INFO - [2023-03-04T15:09:35.145+0000] {dag.py:2690} INFO - Sync 1 DAGs
[2023-03-04T15:09:35.248+0000] {logging_mixin.py:137} INFO - [2023-03-04T15:09:35.247+0000] {dag.py:3441} INFO - Setting next_dagrun for dag_taskflow_api_v2 to 2023-03-04T00:00:00+00:00, run_after=2023-03-05T00:00:00+00:00
[2023-03-04T15:09:35.342+0000] {processor.py:175} INFO - Processing /opt/airflow/dags/dag_taskflow_api.py took 0.423 seconds
[2023-03-04T15:10:06.154+0000] {processor.py:153} INFO - Started process (PID=7212) to work on /opt/airflow/dags/dag_taskflow_api.py
[2023-03-04T15:10:06.157+0000] {processor.py:743} INFO - Processing file /opt/airflow/dags/dag_taskflow_api.py for tasks to queue
[2023-03-04T15:10:06.158+0000] {logging_mixin.py:137} INFO - [2023-03-04T15:10:06.158+0000] {dagbag.py:538} INFO - Filling up the DagBag from /opt/airflow/dags/dag_taskflow_api.py
[2023-03-04T15:10:06.206+0000] {logging_mixin.py:137} INFO - [2023-03-04T15:10:06.205+0000] {taskmixin.py:205} WARNING - Dependency <Task(_PythonDecoratedOperator): get_name>, greet already registered for DAG: dag_taskflow_api_v2
[2023-03-04T15:10:06.206+0000] {logging_mixin.py:137} INFO - [2023-03-04T15:10:06.206+0000] {taskmixin.py:205} WARNING - Dependency <Task(_PythonDecoratedOperator): greet>, get_name already registered for DAG: dag_taskflow_api_v2
[2023-03-04T15:10:06.218+0000] {processor.py:753} INFO - DAG(s) dict_keys(['dag_taskflow_api_v2']) retrieved from /opt/airflow/dags/dag_taskflow_api.py
[2023-03-04T15:10:06.278+0000] {logging_mixin.py:137} INFO - [2023-03-04T15:10:06.277+0000] {dag.py:2690} INFO - Sync 1 DAGs
[2023-03-04T15:10:06.362+0000] {logging_mixin.py:137} INFO - [2023-03-04T15:10:06.361+0000] {dag.py:3441} INFO - Setting next_dagrun for dag_taskflow_api_v2 to 2023-03-04T00:00:00+00:00, run_after=2023-03-05T00:00:00+00:00
[2023-03-04T15:10:06.410+0000] {processor.py:175} INFO - Processing /opt/airflow/dags/dag_taskflow_api.py took 0.266 seconds
[2023-03-04T15:10:36.664+0000] {processor.py:153} INFO - Started process (PID=7248) to work on /opt/airflow/dags/dag_taskflow_api.py
[2023-03-04T15:10:36.665+0000] {processor.py:743} INFO - Processing file /opt/airflow/dags/dag_taskflow_api.py for tasks to queue
[2023-03-04T15:10:36.667+0000] {logging_mixin.py:137} INFO - [2023-03-04T15:10:36.666+0000] {dagbag.py:538} INFO - Filling up the DagBag from /opt/airflow/dags/dag_taskflow_api.py
[2023-03-04T15:10:36.707+0000] {logging_mixin.py:137} INFO - [2023-03-04T15:10:36.707+0000] {taskmixin.py:205} WARNING - Dependency <Task(_PythonDecoratedOperator): get_name>, greet already registered for DAG: dag_taskflow_api_v2
[2023-03-04T15:10:36.707+0000] {logging_mixin.py:137} INFO - [2023-03-04T15:10:36.707+0000] {taskmixin.py:205} WARNING - Dependency <Task(_PythonDecoratedOperator): greet>, get_name already registered for DAG: dag_taskflow_api_v2
[2023-03-04T15:10:36.720+0000] {processor.py:753} INFO - DAG(s) dict_keys(['dag_taskflow_api_v2']) retrieved from /opt/airflow/dags/dag_taskflow_api.py
[2023-03-04T15:10:36.773+0000] {logging_mixin.py:137} INFO - [2023-03-04T15:10:36.772+0000] {dag.py:2690} INFO - Sync 1 DAGs
[2023-03-04T15:10:36.848+0000] {logging_mixin.py:137} INFO - [2023-03-04T15:10:36.848+0000] {dag.py:3441} INFO - Setting next_dagrun for dag_taskflow_api_v2 to 2023-03-04T00:00:00+00:00, run_after=2023-03-05T00:00:00+00:00
[2023-03-04T15:10:36.900+0000] {processor.py:175} INFO - Processing /opt/airflow/dags/dag_taskflow_api.py took 0.244 seconds
[2023-03-04T15:11:07.155+0000] {processor.py:153} INFO - Started process (PID=7285) to work on /opt/airflow/dags/dag_taskflow_api.py
[2023-03-04T15:11:07.160+0000] {processor.py:743} INFO - Processing file /opt/airflow/dags/dag_taskflow_api.py for tasks to queue
[2023-03-04T15:11:07.162+0000] {logging_mixin.py:137} INFO - [2023-03-04T15:11:07.162+0000] {dagbag.py:538} INFO - Filling up the DagBag from /opt/airflow/dags/dag_taskflow_api.py
[2023-03-04T15:11:07.218+0000] {logging_mixin.py:137} INFO - [2023-03-04T15:11:07.217+0000] {taskmixin.py:205} WARNING - Dependency <Task(_PythonDecoratedOperator): get_name>, greet already registered for DAG: dag_taskflow_api_v2
[2023-03-04T15:11:07.220+0000] {logging_mixin.py:137} INFO - [2023-03-04T15:11:07.219+0000] {taskmixin.py:205} WARNING - Dependency <Task(_PythonDecoratedOperator): greet>, get_name already registered for DAG: dag_taskflow_api_v2
[2023-03-04T15:11:07.236+0000] {processor.py:753} INFO - DAG(s) dict_keys(['dag_taskflow_api_v2']) retrieved from /opt/airflow/dags/dag_taskflow_api.py
[2023-03-04T15:11:07.301+0000] {logging_mixin.py:137} INFO - [2023-03-04T15:11:07.301+0000] {dag.py:2690} INFO - Sync 1 DAGs
[2023-03-04T15:11:07.367+0000] {logging_mixin.py:137} INFO - [2023-03-04T15:11:07.366+0000] {dag.py:3441} INFO - Setting next_dagrun for dag_taskflow_api_v2 to 2023-03-04T00:00:00+00:00, run_after=2023-03-05T00:00:00+00:00
[2023-03-04T15:11:07.407+0000] {processor.py:175} INFO - Processing /opt/airflow/dags/dag_taskflow_api.py took 0.263 seconds
[2023-03-04T15:11:37.666+0000] {processor.py:153} INFO - Started process (PID=7319) to work on /opt/airflow/dags/dag_taskflow_api.py
[2023-03-04T15:11:37.669+0000] {processor.py:743} INFO - Processing file /opt/airflow/dags/dag_taskflow_api.py for tasks to queue
[2023-03-04T15:11:37.672+0000] {logging_mixin.py:137} INFO - [2023-03-04T15:11:37.671+0000] {dagbag.py:538} INFO - Filling up the DagBag from /opt/airflow/dags/dag_taskflow_api.py
[2023-03-04T15:11:37.737+0000] {logging_mixin.py:137} INFO - [2023-03-04T15:11:37.736+0000] {taskmixin.py:205} WARNING - Dependency <Task(_PythonDecoratedOperator): get_name>, greet already registered for DAG: dag_taskflow_api_v2
[2023-03-04T15:11:37.738+0000] {logging_mixin.py:137} INFO - [2023-03-04T15:11:37.737+0000] {taskmixin.py:205} WARNING - Dependency <Task(_PythonDecoratedOperator): greet>, get_name already registered for DAG: dag_taskflow_api_v2
[2023-03-04T15:11:37.753+0000] {processor.py:753} INFO - DAG(s) dict_keys(['dag_taskflow_api_v2']) retrieved from /opt/airflow/dags/dag_taskflow_api.py
[2023-03-04T15:11:37.804+0000] {logging_mixin.py:137} INFO - [2023-03-04T15:11:37.804+0000] {dag.py:2690} INFO - Sync 1 DAGs
[2023-03-04T15:11:37.872+0000] {logging_mixin.py:137} INFO - [2023-03-04T15:11:37.870+0000] {dag.py:3441} INFO - Setting next_dagrun for dag_taskflow_api_v2 to 2023-03-04T00:00:00+00:00, run_after=2023-03-05T00:00:00+00:00
[2023-03-04T15:11:37.921+0000] {processor.py:175} INFO - Processing /opt/airflow/dags/dag_taskflow_api.py took 0.261 seconds
[2023-03-04T15:12:07.987+0000] {processor.py:153} INFO - Started process (PID=7353) to work on /opt/airflow/dags/dag_taskflow_api.py
[2023-03-04T15:12:07.989+0000] {processor.py:743} INFO - Processing file /opt/airflow/dags/dag_taskflow_api.py for tasks to queue
[2023-03-04T15:12:07.991+0000] {logging_mixin.py:137} INFO - [2023-03-04T15:12:07.991+0000] {dagbag.py:538} INFO - Filling up the DagBag from /opt/airflow/dags/dag_taskflow_api.py
[2023-03-04T15:12:08.094+0000] {logging_mixin.py:137} INFO - [2023-03-04T15:12:08.093+0000] {taskmixin.py:205} WARNING - Dependency <Task(_PythonDecoratedOperator): get_name>, greet already registered for DAG: dag_taskflow_api_v2
[2023-03-04T15:12:08.094+0000] {logging_mixin.py:137} INFO - [2023-03-04T15:12:08.094+0000] {taskmixin.py:205} WARNING - Dependency <Task(_PythonDecoratedOperator): greet>, get_name already registered for DAG: dag_taskflow_api_v2
[2023-03-04T15:12:08.115+0000] {processor.py:753} INFO - DAG(s) dict_keys(['dag_taskflow_api_v2']) retrieved from /opt/airflow/dags/dag_taskflow_api.py
[2023-03-04T15:12:08.190+0000] {logging_mixin.py:137} INFO - [2023-03-04T15:12:08.189+0000] {dag.py:2690} INFO - Sync 1 DAGs
[2023-03-04T15:12:08.276+0000] {logging_mixin.py:137} INFO - [2023-03-04T15:12:08.275+0000] {dag.py:3441} INFO - Setting next_dagrun for dag_taskflow_api_v2 to 2023-03-04T00:00:00+00:00, run_after=2023-03-05T00:00:00+00:00
[2023-03-04T15:12:08.343+0000] {processor.py:175} INFO - Processing /opt/airflow/dags/dag_taskflow_api.py took 0.364 seconds
[2023-03-04T15:12:38.537+0000] {processor.py:153} INFO - Started process (PID=7387) to work on /opt/airflow/dags/dag_taskflow_api.py
[2023-03-04T15:12:38.538+0000] {processor.py:743} INFO - Processing file /opt/airflow/dags/dag_taskflow_api.py for tasks to queue
[2023-03-04T15:12:38.539+0000] {logging_mixin.py:137} INFO - [2023-03-04T15:12:38.539+0000] {dagbag.py:538} INFO - Filling up the DagBag from /opt/airflow/dags/dag_taskflow_api.py
[2023-03-04T15:12:38.592+0000] {logging_mixin.py:137} INFO - [2023-03-04T15:12:38.591+0000] {taskmixin.py:205} WARNING - Dependency <Task(_PythonDecoratedOperator): get_name>, greet already registered for DAG: dag_taskflow_api_v2
[2023-03-04T15:12:38.592+0000] {logging_mixin.py:137} INFO - [2023-03-04T15:12:38.592+0000] {taskmixin.py:205} WARNING - Dependency <Task(_PythonDecoratedOperator): greet>, get_name already registered for DAG: dag_taskflow_api_v2
[2023-03-04T15:12:38.606+0000] {processor.py:753} INFO - DAG(s) dict_keys(['dag_taskflow_api_v2']) retrieved from /opt/airflow/dags/dag_taskflow_api.py
[2023-03-04T15:12:38.674+0000] {logging_mixin.py:137} INFO - [2023-03-04T15:12:38.673+0000] {dag.py:2690} INFO - Sync 1 DAGs
[2023-03-04T15:12:38.753+0000] {logging_mixin.py:137} INFO - [2023-03-04T15:12:38.753+0000] {dag.py:3441} INFO - Setting next_dagrun for dag_taskflow_api_v2 to 2023-03-04T00:00:00+00:00, run_after=2023-03-05T00:00:00+00:00
[2023-03-04T15:12:38.791+0000] {processor.py:175} INFO - Processing /opt/airflow/dags/dag_taskflow_api.py took 0.258 seconds
[2023-03-04T15:13:08.993+0000] {processor.py:153} INFO - Started process (PID=7421) to work on /opt/airflow/dags/dag_taskflow_api.py
[2023-03-04T15:13:08.995+0000] {processor.py:743} INFO - Processing file /opt/airflow/dags/dag_taskflow_api.py for tasks to queue
[2023-03-04T15:13:08.997+0000] {logging_mixin.py:137} INFO - [2023-03-04T15:13:08.996+0000] {dagbag.py:538} INFO - Filling up the DagBag from /opt/airflow/dags/dag_taskflow_api.py
[2023-03-04T15:13:09.057+0000] {logging_mixin.py:137} INFO - [2023-03-04T15:13:09.056+0000] {taskmixin.py:205} WARNING - Dependency <Task(_PythonDecoratedOperator): get_name>, greet already registered for DAG: dag_taskflow_api_v2
[2023-03-04T15:13:09.058+0000] {logging_mixin.py:137} INFO - [2023-03-04T15:13:09.057+0000] {taskmixin.py:205} WARNING - Dependency <Task(_PythonDecoratedOperator): greet>, get_name already registered for DAG: dag_taskflow_api_v2
[2023-03-04T15:13:09.070+0000] {processor.py:753} INFO - DAG(s) dict_keys(['dag_taskflow_api_v2']) retrieved from /opt/airflow/dags/dag_taskflow_api.py
[2023-03-04T15:13:09.122+0000] {logging_mixin.py:137} INFO - [2023-03-04T15:13:09.122+0000] {dag.py:2690} INFO - Sync 1 DAGs
[2023-03-04T15:13:09.183+0000] {logging_mixin.py:137} INFO - [2023-03-04T15:13:09.183+0000] {dag.py:3441} INFO - Setting next_dagrun for dag_taskflow_api_v2 to 2023-03-04T00:00:00+00:00, run_after=2023-03-05T00:00:00+00:00
[2023-03-04T15:13:09.220+0000] {processor.py:175} INFO - Processing /opt/airflow/dags/dag_taskflow_api.py took 0.235 seconds
