[2023-03-08T06:19:02.519+0000] {taskinstance.py:1083} INFO - Dependencies all met for <TaskInstance: dag_postgrest_v3.delete_data_table manual__2023-03-08T06:17:16.528070+00:00 [queued]>
[2023-03-08T06:19:02.538+0000] {taskinstance.py:1083} INFO - Dependencies all met for <TaskInstance: dag_postgrest_v3.delete_data_table manual__2023-03-08T06:17:16.528070+00:00 [queued]>
[2023-03-08T06:19:02.539+0000] {taskinstance.py:1279} INFO - 
--------------------------------------------------------------------------------
[2023-03-08T06:19:02.539+0000] {taskinstance.py:1280} INFO - Starting attempt 3 of 8
[2023-03-08T06:19:02.539+0000] {taskinstance.py:1281} INFO - 
--------------------------------------------------------------------------------
[2023-03-08T06:19:02.579+0000] {taskinstance.py:1300} INFO - Executing <Task(PostgresOperator): delete_data_table> on 2023-03-08 06:17:16.528070+00:00
[2023-03-08T06:19:02.588+0000] {standard_task_runner.py:55} INFO - Started process 11604 to run task
[2023-03-08T06:19:02.596+0000] {standard_task_runner.py:82} INFO - Running: ['***', 'tasks', 'run', 'dag_postgrest_v3', 'delete_data_table', 'manual__2023-03-08T06:17:16.528070+00:00', '--job-id', '103', '--raw', '--subdir', 'DAGS_FOLDER/dag_with_postgres.py', '--cfg-path', '/tmp/tmphgat1_qx']
[2023-03-08T06:19:02.600+0000] {standard_task_runner.py:83} INFO - Job 103: Subtask delete_data_table
[2023-03-08T06:19:02.763+0000] {task_command.py:388} INFO - Running <TaskInstance: dag_postgrest_v3.delete_data_table manual__2023-03-08T06:17:16.528070+00:00 [running]> on host df4d96e1a045
[2023-03-08T06:19:02.870+0000] {taskinstance.py:1509} INFO - Exporting the following env vars:
AIRFLOW_CTX_DAG_OWNER=Aditya
AIRFLOW_CTX_DAG_ID=dag_postgrest_v3
AIRFLOW_CTX_TASK_ID=delete_data_table
AIRFLOW_CTX_EXECUTION_DATE=2023-03-08T06:17:16.528070+00:00
AIRFLOW_CTX_TRY_NUMBER=3
AIRFLOW_CTX_DAG_RUN_ID=manual__2023-03-08T06:17:16.528070+00:00
[2023-03-08T06:19:02.870+0000] {sql.py:254} INFO - Executing: 
        delete from dag_run where dt = '2023-03-08' and dag_id = 'dag_postgrest_v3'
        
[2023-03-08T06:19:02.883+0000] {base.py:73} INFO - Using connection ID 'postgrest_localhost' for task execution.
[2023-03-08T06:19:03.414+0000] {base.py:73} INFO - Using connection ID 'postgrest_localhost' for task execution.
[2023-03-08T06:19:03.423+0000] {sql.py:375} INFO - Running statement: 
        delete from dag_run where dt = '2023-03-08' and dag_id = 'dag_postgrest_v3'
        , parameters: None
[2023-03-08T06:19:03.426+0000] {sql.py:384} INFO - Rows affected: 1
[2023-03-08T06:19:03.446+0000] {taskinstance.py:1323} INFO - Marking task as SUCCESS. dag_id=dag_postgrest_v3, task_id=delete_data_table, execution_date=20230308T061716, start_date=20230308T061902, end_date=20230308T061903
[2023-03-08T06:19:03.501+0000] {local_task_job.py:208} INFO - Task exited with return code 0
[2023-03-08T06:19:03.556+0000] {taskinstance.py:2578} INFO - 1 downstream tasks scheduled from follow-on schedule check
