[2023-03-08T03:54:11.182+0000] {taskinstance.py:1083} INFO - Dependencies all met for <TaskInstance: dag_taskflow_api_v2.greet scheduled__2023-03-07T00:00:00+00:00 [queued]>
[2023-03-08T03:54:11.218+0000] {taskinstance.py:1083} INFO - Dependencies all met for <TaskInstance: dag_taskflow_api_v2.greet scheduled__2023-03-07T00:00:00+00:00 [queued]>
[2023-03-08T03:54:11.219+0000] {taskinstance.py:1279} INFO - 
--------------------------------------------------------------------------------
[2023-03-08T03:54:11.219+0000] {taskinstance.py:1280} INFO - Starting attempt 1 of 6
[2023-03-08T03:54:11.219+0000] {taskinstance.py:1281} INFO - 
--------------------------------------------------------------------------------
[2023-03-08T03:54:11.285+0000] {taskinstance.py:1300} INFO - Executing <Task(_PythonDecoratedOperator): greet> on 2023-03-07 00:00:00+00:00
[2023-03-08T03:54:11.336+0000] {standard_task_runner.py:55} INFO - Started process 220 to run task
[2023-03-08T03:54:11.382+0000] {standard_task_runner.py:82} INFO - Running: ['***', 'tasks', 'run', 'dag_taskflow_api_v2', 'greet', 'scheduled__2023-03-07T00:00:00+00:00', '--job-id', '69', '--raw', '--subdir', 'DAGS_FOLDER/dag_taskflow_api.py', '--cfg-path', '/tmp/tmpoebynsfb']
[2023-03-08T03:54:11.391+0000] {standard_task_runner.py:83} INFO - Job 69: Subtask greet
[2023-03-08T03:54:11.896+0000] {task_command.py:388} INFO - Running <TaskInstance: dag_taskflow_api_v2.greet scheduled__2023-03-07T00:00:00+00:00 [running]> on host df4d96e1a045
[2023-03-08T03:54:12.511+0000] {taskinstance.py:1509} INFO - Exporting the following env vars:
AIRFLOW_CTX_DAG_OWNER=Aditya
AIRFLOW_CTX_DAG_ID=dag_taskflow_api_v2
AIRFLOW_CTX_TASK_ID=greet
AIRFLOW_CTX_EXECUTION_DATE=2023-03-07T00:00:00+00:00
AIRFLOW_CTX_TRY_NUMBER=1
AIRFLOW_CTX_DAG_RUN_ID=scheduled__2023-03-07T00:00:00+00:00
[2023-03-08T03:54:12.513+0000] {logging_mixin.py:137} INFO - Hello World! My name is Aditya Prasetyo and I am 24 years old
[2023-03-08T03:54:12.513+0000] {python.py:177} INFO - Done. Returned value was: None
[2023-03-08T03:54:12.596+0000] {taskinstance.py:1323} INFO - Marking task as SUCCESS. dag_id=dag_taskflow_api_v2, task_id=greet, execution_date=20230307T000000, start_date=20230308T035411, end_date=20230308T035412
[2023-03-08T03:54:12.700+0000] {local_task_job.py:208} INFO - Task exited with return code 0
[2023-03-08T03:54:12.892+0000] {taskinstance.py:2578} INFO - 0 downstream tasks scheduled from follow-on schedule check
