[2023-03-08T03:54:05.593+0000] {taskinstance.py:1083} INFO - Dependencies all met for <TaskInstance: dag_taskflow_api_v2.get_name scheduled__2023-03-06T00:00:00+00:00 [queued]>
[2023-03-08T03:54:05.726+0000] {taskinstance.py:1083} INFO - Dependencies all met for <TaskInstance: dag_taskflow_api_v2.get_name scheduled__2023-03-06T00:00:00+00:00 [queued]>
[2023-03-08T03:54:05.726+0000] {taskinstance.py:1279} INFO - 
--------------------------------------------------------------------------------
[2023-03-08T03:54:05.726+0000] {taskinstance.py:1280} INFO - Starting attempt 1 of 6
[2023-03-08T03:54:05.727+0000] {taskinstance.py:1281} INFO - 
--------------------------------------------------------------------------------
[2023-03-08T03:54:05.812+0000] {taskinstance.py:1300} INFO - Executing <Task(_PythonDecoratedOperator): get_name> on 2023-03-06 00:00:00+00:00
[2023-03-08T03:54:05.837+0000] {standard_task_runner.py:55} INFO - Started process 199 to run task
[2023-03-08T03:54:05.907+0000] {standard_task_runner.py:82} INFO - Running: ['***', 'tasks', 'run', 'dag_taskflow_api_v2', 'get_name', 'scheduled__2023-03-06T00:00:00+00:00', '--job-id', '59', '--raw', '--subdir', 'DAGS_FOLDER/dag_taskflow_api.py', '--cfg-path', '/tmp/tmphh0rf5iw']
[2023-03-08T03:54:05.931+0000] {standard_task_runner.py:83} INFO - Job 59: Subtask get_name
[2023-03-08T03:54:06.901+0000] {task_command.py:388} INFO - Running <TaskInstance: dag_taskflow_api_v2.get_name scheduled__2023-03-06T00:00:00+00:00 [running]> on host df4d96e1a045
[2023-03-08T03:54:07.816+0000] {taskinstance.py:1509} INFO - Exporting the following env vars:
AIRFLOW_CTX_DAG_OWNER=Aditya
AIRFLOW_CTX_DAG_ID=dag_taskflow_api_v2
AIRFLOW_CTX_TASK_ID=get_name
AIRFLOW_CTX_EXECUTION_DATE=2023-03-06T00:00:00+00:00
AIRFLOW_CTX_TRY_NUMBER=1
AIRFLOW_CTX_DAG_RUN_ID=scheduled__2023-03-06T00:00:00+00:00
[2023-03-08T03:54:07.817+0000] {python.py:177} INFO - Done. Returned value was: {'firstname': 'Aditya', 'lastname': 'Prasetyo'}
[2023-03-08T03:54:08.549+0000] {taskinstance.py:1323} INFO - Marking task as SUCCESS. dag_id=dag_taskflow_api_v2, task_id=get_name, execution_date=20230306T000000, start_date=20230308T035405, end_date=20230308T035408
[2023-03-08T03:54:08.628+0000] {local_task_job.py:208} INFO - Task exited with return code 0
[2023-03-08T03:54:08.996+0000] {taskinstance.py:2578} INFO - 0 downstream tasks scheduled from follow-on schedule check
