[2023-03-06T04:25:39.997+0000] {taskinstance.py:1083} INFO - Dependencies all met for <TaskInstance: dag_taskflow_api_v2.get_age scheduled__2023-03-04T00:00:00+00:00 [queued]>
[2023-03-06T04:25:40.066+0000] {taskinstance.py:1083} INFO - Dependencies all met for <TaskInstance: dag_taskflow_api_v2.get_age scheduled__2023-03-04T00:00:00+00:00 [queued]>
[2023-03-06T04:25:40.067+0000] {taskinstance.py:1279} INFO - 
--------------------------------------------------------------------------------
[2023-03-06T04:25:40.067+0000] {taskinstance.py:1280} INFO - Starting attempt 1 of 6
[2023-03-06T04:25:40.067+0000] {taskinstance.py:1281} INFO - 
--------------------------------------------------------------------------------
[2023-03-06T04:25:40.195+0000] {taskinstance.py:1300} INFO - Executing <Task(_PythonDecoratedOperator): get_age> on 2023-03-04 00:00:00+00:00
[2023-03-06T04:25:40.203+0000] {standard_task_runner.py:55} INFO - Started process 197 to run task
[2023-03-06T04:25:40.239+0000] {standard_task_runner.py:82} INFO - Running: ['***', 'tasks', 'run', 'dag_taskflow_api_v2', 'get_age', 'scheduled__2023-03-04T00:00:00+00:00', '--job-id', '46', '--raw', '--subdir', 'DAGS_FOLDER/dag_taskflow_api.py', '--cfg-path', '/tmp/tmp8ze29osg']
[2023-03-06T04:25:40.242+0000] {standard_task_runner.py:83} INFO - Job 46: Subtask get_age
[2023-03-06T04:25:40.655+0000] {task_command.py:388} INFO - Running <TaskInstance: dag_taskflow_api_v2.get_age scheduled__2023-03-04T00:00:00+00:00 [running]> on host 09fff04168c1
[2023-03-06T04:25:41.135+0000] {taskinstance.py:1509} INFO - Exporting the following env vars:
AIRFLOW_CTX_DAG_OWNER=Aditya
AIRFLOW_CTX_DAG_ID=dag_taskflow_api_v2
AIRFLOW_CTX_TASK_ID=get_age
AIRFLOW_CTX_EXECUTION_DATE=2023-03-04T00:00:00+00:00
AIRFLOW_CTX_TRY_NUMBER=1
AIRFLOW_CTX_DAG_RUN_ID=scheduled__2023-03-04T00:00:00+00:00
[2023-03-06T04:25:41.137+0000] {python.py:177} INFO - Done. Returned value was: 24
[2023-03-06T04:25:41.275+0000] {taskinstance.py:1323} INFO - Marking task as SUCCESS. dag_id=dag_taskflow_api_v2, task_id=get_age, execution_date=20230304T000000, start_date=20230306T042539, end_date=20230306T042541
[2023-03-06T04:25:41.413+0000] {local_task_job.py:208} INFO - Task exited with return code 0
[2023-03-06T04:25:41.773+0000] {taskinstance.py:2578} INFO - 0 downstream tasks scheduled from follow-on schedule check
