[2023-03-04T14:28:49.566+0000] {taskinstance.py:1083} INFO - Dependencies all met for <TaskInstance: dag_python_operator_v4.get_name manual__2023-03-04T14:28:47.826915+00:00 [queued]>
[2023-03-04T14:28:49.615+0000] {taskinstance.py:1083} INFO - Dependencies all met for <TaskInstance: dag_python_operator_v4.get_name manual__2023-03-04T14:28:47.826915+00:00 [queued]>
[2023-03-04T14:28:49.616+0000] {taskinstance.py:1279} INFO - 
--------------------------------------------------------------------------------
[2023-03-04T14:28:49.616+0000] {taskinstance.py:1280} INFO - Starting attempt 1 of 6
[2023-03-04T14:28:49.616+0000] {taskinstance.py:1281} INFO - 
--------------------------------------------------------------------------------
[2023-03-04T14:28:49.685+0000] {taskinstance.py:1300} INFO - Executing <Task(PythonOperator): get_name> on 2023-03-04 14:28:47.826915+00:00
[2023-03-04T14:28:49.694+0000] {standard_task_runner.py:55} INFO - Started process 4431 to run task
[2023-03-04T14:28:49.762+0000] {standard_task_runner.py:82} INFO - Running: ['***', 'tasks', 'run', 'dag_python_operator_v4', 'get_name', 'manual__2023-03-04T14:28:47.826915+00:00', '--job-id', '19', '--raw', '--subdir', 'DAGS_FOLDER/***_python.py', '--cfg-path', '/tmp/tmpc5u0li7d']
[2023-03-04T14:28:49.766+0000] {standard_task_runner.py:83} INFO - Job 19: Subtask get_name
[2023-03-04T14:28:50.481+0000] {task_command.py:388} INFO - Running <TaskInstance: dag_python_operator_v4.get_name manual__2023-03-04T14:28:47.826915+00:00 [running]> on host 07bffc7e5092
[2023-03-04T14:28:50.805+0000] {taskinstance.py:1509} INFO - Exporting the following env vars:
AIRFLOW_CTX_DAG_OWNER=aditya
AIRFLOW_CTX_DAG_ID=dag_python_operator_v4
AIRFLOW_CTX_TASK_ID=get_name
AIRFLOW_CTX_EXECUTION_DATE=2023-03-04T14:28:47.826915+00:00
AIRFLOW_CTX_TRY_NUMBER=1
AIRFLOW_CTX_DAG_RUN_ID=manual__2023-03-04T14:28:47.826915+00:00
[2023-03-04T14:28:50.950+0000] {python.py:177} INFO - Done. Returned value was: None
[2023-03-04T14:28:51.035+0000] {taskinstance.py:1323} INFO - Marking task as SUCCESS. dag_id=dag_python_operator_v4, task_id=get_name, execution_date=20230304T142847, start_date=20230304T142849, end_date=20230304T142851
[2023-03-04T14:28:51.066+0000] {local_task_job.py:208} INFO - Task exited with return code 0
[2023-03-04T14:28:51.096+0000] {taskinstance.py:2578} INFO - 1 downstream tasks scheduled from follow-on schedule check
