[2023-03-08T03:54:06.976+0000] {taskinstance.py:1083} INFO - Dependencies all met for <TaskInstance: dag_python_operator_v5.get_name scheduled__2023-03-07T00:00:00+00:00 [queued]>
[2023-03-08T03:54:07.076+0000] {taskinstance.py:1083} INFO - Dependencies all met for <TaskInstance: dag_python_operator_v5.get_name scheduled__2023-03-07T00:00:00+00:00 [queued]>
[2023-03-08T03:54:07.078+0000] {taskinstance.py:1279} INFO - 
--------------------------------------------------------------------------------
[2023-03-08T03:54:07.078+0000] {taskinstance.py:1280} INFO - Starting attempt 1 of 6
[2023-03-08T03:54:07.078+0000] {taskinstance.py:1281} INFO - 
--------------------------------------------------------------------------------
[2023-03-08T03:54:07.271+0000] {taskinstance.py:1300} INFO - Executing <Task(PythonOperator): get_name> on 2023-03-07 00:00:00+00:00
[2023-03-08T03:54:07.346+0000] {standard_task_runner.py:55} INFO - Started process 204 to run task
[2023-03-08T03:54:07.373+0000] {standard_task_runner.py:82} INFO - Running: ['***', 'tasks', 'run', 'dag_python_operator_v5', 'get_name', 'scheduled__2023-03-07T00:00:00+00:00', '--job-id', '65', '--raw', '--subdir', 'DAGS_FOLDER/***_python.py', '--cfg-path', '/tmp/tmpxym2djt4']
[2023-03-08T03:54:07.421+0000] {standard_task_runner.py:83} INFO - Job 65: Subtask get_name
[2023-03-08T03:54:08.532+0000] {task_command.py:388} INFO - Running <TaskInstance: dag_python_operator_v5.get_name scheduled__2023-03-07T00:00:00+00:00 [running]> on host df4d96e1a045
[2023-03-08T03:54:09.092+0000] {taskinstance.py:1509} INFO - Exporting the following env vars:
AIRFLOW_CTX_DAG_OWNER=aditya
AIRFLOW_CTX_DAG_ID=dag_python_operator_v5
AIRFLOW_CTX_TASK_ID=get_name
AIRFLOW_CTX_EXECUTION_DATE=2023-03-07T00:00:00+00:00
AIRFLOW_CTX_TRY_NUMBER=1
AIRFLOW_CTX_DAG_RUN_ID=scheduled__2023-03-07T00:00:00+00:00
[2023-03-08T03:54:09.335+0000] {python.py:177} INFO - Done. Returned value was: None
[2023-03-08T03:54:09.451+0000] {taskinstance.py:1323} INFO - Marking task as SUCCESS. dag_id=dag_python_operator_v5, task_id=get_name, execution_date=20230307T000000, start_date=20230308T035406, end_date=20230308T035409
[2023-03-08T03:54:09.743+0000] {local_task_job.py:208} INFO - Task exited with return code 0
[2023-03-08T03:54:09.877+0000] {taskinstance.py:2578} INFO - 1 downstream tasks scheduled from follow-on schedule check
