[2023-03-08T06:10:22.775+0000] {taskinstance.py:1083} INFO - Dependencies all met for <TaskInstance: dag_postgrest_v2.insert_table manual__2023-03-08T06:07:36.416551+00:00 [queued]>
[2023-03-08T06:10:22.808+0000] {taskinstance.py:1083} INFO - Dependencies all met for <TaskInstance: dag_postgrest_v2.insert_table manual__2023-03-08T06:07:36.416551+00:00 [queued]>
[2023-03-08T06:10:22.809+0000] {taskinstance.py:1279} INFO - 
--------------------------------------------------------------------------------
[2023-03-08T06:10:22.809+0000] {taskinstance.py:1280} INFO - Starting attempt 3 of 8
[2023-03-08T06:10:22.809+0000] {taskinstance.py:1281} INFO - 
--------------------------------------------------------------------------------
[2023-03-08T06:10:22.840+0000] {taskinstance.py:1300} INFO - Executing <Task(PostgresOperator): insert_table> on 2023-03-08 06:07:36.416551+00:00
[2023-03-08T06:10:22.850+0000] {standard_task_runner.py:55} INFO - Started process 10889 to run task
[2023-03-08T06:10:22.855+0000] {standard_task_runner.py:82} INFO - Running: ['***', 'tasks', 'run', 'dag_postgrest_v2', 'insert_table', 'manual__2023-03-08T06:07:36.416551+00:00', '--job-id', '95', '--raw', '--subdir', 'DAGS_FOLDER/dag_with_postgres.py', '--cfg-path', '/tmp/tmppy3qdduk']
[2023-03-08T06:10:22.858+0000] {standard_task_runner.py:83} INFO - Job 95: Subtask insert_table
[2023-03-08T06:10:23.102+0000] {task_command.py:388} INFO - Running <TaskInstance: dag_postgrest_v2.insert_table manual__2023-03-08T06:07:36.416551+00:00 [running]> on host df4d96e1a045
[2023-03-08T06:10:23.218+0000] {taskinstance.py:1509} INFO - Exporting the following env vars:
AIRFLOW_CTX_DAG_OWNER=Aditya
AIRFLOW_CTX_DAG_ID=dag_postgrest_v2
AIRFLOW_CTX_TASK_ID=insert_table
AIRFLOW_CTX_EXECUTION_DATE=2023-03-08T06:07:36.416551+00:00
AIRFLOW_CTX_TRY_NUMBER=3
AIRFLOW_CTX_DAG_RUN_ID=manual__2023-03-08T06:07:36.416551+00:00
[2023-03-08T06:10:23.219+0000] {sql.py:254} INFO - Executing: 
        insert into dag_run (dt,dag_id) values('2023-03-08','dag_postgrest_v2')
        
[2023-03-08T06:10:23.235+0000] {base.py:73} INFO - Using connection ID 'postgrest_localhost' for task execution.
[2023-03-08T06:10:24.160+0000] {base.py:73} INFO - Using connection ID 'postgrest_localhost' for task execution.
[2023-03-08T06:10:24.167+0000] {sql.py:375} INFO - Running statement: 
        insert into dag_run (dt,dag_id) values('2023-03-08','dag_postgrest_v2')
        , parameters: None
[2023-03-08T06:10:24.169+0000] {sql.py:384} INFO - Rows affected: 1
[2023-03-08T06:10:24.190+0000] {taskinstance.py:1323} INFO - Marking task as SUCCESS. dag_id=dag_postgrest_v2, task_id=insert_table, execution_date=20230308T060736, start_date=20230308T061022, end_date=20230308T061024
[2023-03-08T06:10:24.247+0000] {local_task_job.py:208} INFO - Task exited with return code 0
[2023-03-08T06:10:24.283+0000] {taskinstance.py:2578} INFO - 0 downstream tasks scheduled from follow-on schedule check
