[2023-03-08T06:12:44.052+0000] {taskinstance.py:1083} INFO - Dependencies all met for <TaskInstance: dag_postgrest_v2.insert_table scheduled__2023-03-07T00:00:00+00:00 [queued]>
[2023-03-08T06:12:44.118+0000] {taskinstance.py:1083} INFO - Dependencies all met for <TaskInstance: dag_postgrest_v2.insert_table scheduled__2023-03-07T00:00:00+00:00 [queued]>
[2023-03-08T06:12:44.119+0000] {taskinstance.py:1279} INFO - 
--------------------------------------------------------------------------------
[2023-03-08T06:12:44.119+0000] {taskinstance.py:1280} INFO - Starting attempt 2 of 6
[2023-03-08T06:12:44.119+0000] {taskinstance.py:1281} INFO - 
--------------------------------------------------------------------------------
[2023-03-08T06:12:44.178+0000] {taskinstance.py:1300} INFO - Executing <Task(PostgresOperator): insert_table> on 2023-03-07 00:00:00+00:00
[2023-03-08T06:12:44.187+0000] {standard_task_runner.py:55} INFO - Started process 11086 to run task
[2023-03-08T06:12:44.198+0000] {standard_task_runner.py:82} INFO - Running: ['***', 'tasks', 'run', 'dag_postgrest_v2', 'insert_table', 'scheduled__2023-03-07T00:00:00+00:00', '--job-id', '96', '--raw', '--subdir', 'DAGS_FOLDER/dag_with_postgres.py', '--cfg-path', '/tmp/tmpdib0g2ch']
[2023-03-08T06:12:44.206+0000] {standard_task_runner.py:83} INFO - Job 96: Subtask insert_table
[2023-03-08T06:12:44.362+0000] {task_command.py:388} INFO - Running <TaskInstance: dag_postgrest_v2.insert_table scheduled__2023-03-07T00:00:00+00:00 [running]> on host df4d96e1a045
[2023-03-08T06:12:44.574+0000] {taskinstance.py:1509} INFO - Exporting the following env vars:
AIRFLOW_CTX_DAG_OWNER=Aditya
AIRFLOW_CTX_DAG_ID=dag_postgrest_v2
AIRFLOW_CTX_TASK_ID=insert_table
AIRFLOW_CTX_EXECUTION_DATE=2023-03-07T00:00:00+00:00
AIRFLOW_CTX_TRY_NUMBER=2
AIRFLOW_CTX_DAG_RUN_ID=scheduled__2023-03-07T00:00:00+00:00
[2023-03-08T06:12:44.577+0000] {sql.py:254} INFO - Executing: 
        insert into dag_run (dt,dag_id) values('2023-03-07','dag_postgrest_v2')
        
[2023-03-08T06:12:44.596+0000] {base.py:73} INFO - Using connection ID 'postgrest_localhost' for task execution.
[2023-03-08T06:12:45.482+0000] {base.py:73} INFO - Using connection ID 'postgrest_localhost' for task execution.
[2023-03-08T06:12:45.490+0000] {sql.py:375} INFO - Running statement: 
        insert into dag_run (dt,dag_id) values('2023-03-07','dag_postgrest_v2')
        , parameters: None
[2023-03-08T06:12:45.492+0000] {sql.py:384} INFO - Rows affected: 1
[2023-03-08T06:12:45.513+0000] {taskinstance.py:1323} INFO - Marking task as SUCCESS. dag_id=dag_postgrest_v2, task_id=insert_table, execution_date=20230307T000000, start_date=20230308T061244, end_date=20230308T061245
[2023-03-08T06:12:45.545+0000] {local_task_job.py:208} INFO - Task exited with return code 0
[2023-03-08T06:12:45.591+0000] {taskinstance.py:2578} INFO - 0 downstream tasks scheduled from follow-on schedule check
