[2023-03-04T13:53:04.297+0000] {taskinstance.py:1083} INFO - Dependencies all met for <TaskInstance: dag_python_operator_v2.greet manual__2023-03-04T13:53:03.433076+00:00 [queued]>
[2023-03-04T13:53:04.338+0000] {taskinstance.py:1083} INFO - Dependencies all met for <TaskInstance: dag_python_operator_v2.greet manual__2023-03-04T13:53:03.433076+00:00 [queued]>
[2023-03-04T13:53:04.338+0000] {taskinstance.py:1279} INFO - 
--------------------------------------------------------------------------------
[2023-03-04T13:53:04.338+0000] {taskinstance.py:1280} INFO - Starting attempt 1 of 6
[2023-03-04T13:53:04.339+0000] {taskinstance.py:1281} INFO - 
--------------------------------------------------------------------------------
[2023-03-04T13:53:04.424+0000] {taskinstance.py:1300} INFO - Executing <Task(PythonOperator): greet> on 2023-03-04 13:53:03.433076+00:00
[2023-03-04T13:53:04.450+0000] {standard_task_runner.py:55} INFO - Started process 2137 to run task
[2023-03-04T13:53:04.464+0000] {standard_task_runner.py:82} INFO - Running: ['***', 'tasks', 'run', 'dag_python_operator_v2', 'greet', 'manual__2023-03-04T13:53:03.433076+00:00', '--job-id', '5', '--raw', '--subdir', 'DAGS_FOLDER/***_python.py', '--cfg-path', '/tmp/tmpbejdrl34']
[2023-03-04T13:53:04.480+0000] {standard_task_runner.py:83} INFO - Job 5: Subtask greet
[2023-03-04T13:53:04.682+0000] {task_command.py:388} INFO - Running <TaskInstance: dag_python_operator_v2.greet manual__2023-03-04T13:53:03.433076+00:00 [running]> on host 07bffc7e5092
[2023-03-04T13:53:04.951+0000] {taskinstance.py:1509} INFO - Exporting the following env vars:
AIRFLOW_CTX_DAG_OWNER=aditya
AIRFLOW_CTX_DAG_ID=dag_python_operator_v2
AIRFLOW_CTX_TASK_ID=greet
AIRFLOW_CTX_EXECUTION_DATE=2023-03-04T13:53:03.433076+00:00
AIRFLOW_CTX_TRY_NUMBER=1
AIRFLOW_CTX_DAG_RUN_ID=manual__2023-03-04T13:53:03.433076+00:00
[2023-03-04T13:53:04.954+0000] {logging_mixin.py:137} INFO - Hello world! My name is Aditya and I am 24 years old
[2023-03-04T13:53:04.957+0000] {python.py:177} INFO - Done. Returned value was: None
[2023-03-04T13:53:04.983+0000] {taskinstance.py:1323} INFO - Marking task as SUCCESS. dag_id=dag_python_operator_v2, task_id=greet, execution_date=20230304T135303, start_date=20230304T135304, end_date=20230304T135304
[2023-03-04T13:53:05.043+0000] {local_task_job.py:208} INFO - Task exited with return code 0
[2023-03-04T13:53:05.100+0000] {taskinstance.py:2578} INFO - 0 downstream tasks scheduled from follow-on schedule check
