[2023-03-04T14:28:49.396+0000] {taskinstance.py:1083} INFO - Dependencies all met for <TaskInstance: dag_python_operator_v4.get_age scheduled__2023-03-03T00:00:00+00:00 [queued]>
[2023-03-04T14:28:49.466+0000] {taskinstance.py:1083} INFO - Dependencies all met for <TaskInstance: dag_python_operator_v4.get_age scheduled__2023-03-03T00:00:00+00:00 [queued]>
[2023-03-04T14:28:49.466+0000] {taskinstance.py:1279} INFO - 
--------------------------------------------------------------------------------
[2023-03-04T14:28:49.467+0000] {taskinstance.py:1280} INFO - Starting attempt 1 of 6
[2023-03-04T14:28:49.467+0000] {taskinstance.py:1281} INFO - 
--------------------------------------------------------------------------------
[2023-03-04T14:28:49.609+0000] {taskinstance.py:1300} INFO - Executing <Task(PythonOperator): get_age> on 2023-03-03 00:00:00+00:00
[2023-03-04T14:28:49.634+0000] {standard_task_runner.py:55} INFO - Started process 4428 to run task
[2023-03-04T14:28:49.653+0000] {standard_task_runner.py:82} INFO - Running: ['***', 'tasks', 'run', 'dag_python_operator_v4', 'get_age', 'scheduled__2023-03-03T00:00:00+00:00', '--job-id', '20', '--raw', '--subdir', 'DAGS_FOLDER/***_python.py', '--cfg-path', '/tmp/tmps9hb35wt']
[2023-03-04T14:28:49.663+0000] {standard_task_runner.py:83} INFO - Job 20: Subtask get_age
[2023-03-04T14:28:50.206+0000] {task_command.py:388} INFO - Running <TaskInstance: dag_python_operator_v4.get_age scheduled__2023-03-03T00:00:00+00:00 [running]> on host 07bffc7e5092
[2023-03-04T14:28:50.616+0000] {taskinstance.py:1509} INFO - Exporting the following env vars:
AIRFLOW_CTX_DAG_OWNER=aditya
AIRFLOW_CTX_DAG_ID=dag_python_operator_v4
AIRFLOW_CTX_TASK_ID=get_age
AIRFLOW_CTX_EXECUTION_DATE=2023-03-03T00:00:00+00:00
AIRFLOW_CTX_TRY_NUMBER=1
AIRFLOW_CTX_DAG_RUN_ID=scheduled__2023-03-03T00:00:00+00:00
[2023-03-04T14:28:50.689+0000] {python.py:177} INFO - Done. Returned value was: None
[2023-03-04T14:28:50.719+0000] {taskinstance.py:1323} INFO - Marking task as SUCCESS. dag_id=dag_python_operator_v4, task_id=get_age, execution_date=20230303T000000, start_date=20230304T142849, end_date=20230304T142850
[2023-03-04T14:28:50.818+0000] {local_task_job.py:208} INFO - Task exited with return code 0
[2023-03-04T14:28:50.938+0000] {taskinstance.py:2578} INFO - 1 downstream tasks scheduled from follow-on schedule check
