[2023-03-04T14:18:36.812+0000] {taskinstance.py:1083} INFO - Dependencies all met for <TaskInstance: dag_python_operator_v3.greet manual__2023-03-04T14:02:15.077139+00:00 [queued]>
[2023-03-04T14:18:36.838+0000] {taskinstance.py:1083} INFO - Dependencies all met for <TaskInstance: dag_python_operator_v3.greet manual__2023-03-04T14:02:15.077139+00:00 [queued]>
[2023-03-04T14:18:36.838+0000] {taskinstance.py:1279} INFO - 
--------------------------------------------------------------------------------
[2023-03-04T14:18:36.838+0000] {taskinstance.py:1280} INFO - Starting attempt 5 of 10
[2023-03-04T14:18:36.839+0000] {taskinstance.py:1281} INFO - 
--------------------------------------------------------------------------------
[2023-03-04T14:18:36.908+0000] {taskinstance.py:1300} INFO - Executing <Task(PythonOperator): greet> on 2023-03-04 14:02:15.077139+00:00
[2023-03-04T14:18:36.918+0000] {standard_task_runner.py:55} INFO - Started process 3779 to run task
[2023-03-04T14:18:36.931+0000] {standard_task_runner.py:82} INFO - Running: ['***', 'tasks', 'run', 'dag_python_operator_v3', 'greet', 'manual__2023-03-04T14:02:15.077139+00:00', '--job-id', '16', '--raw', '--subdir', 'DAGS_FOLDER/***_python.py', '--cfg-path', '/tmp/tmprfvao5en']
[2023-03-04T14:18:36.935+0000] {standard_task_runner.py:83} INFO - Job 16: Subtask greet
[2023-03-04T14:18:37.142+0000] {task_command.py:388} INFO - Running <TaskInstance: dag_python_operator_v3.greet manual__2023-03-04T14:02:15.077139+00:00 [running]> on host 07bffc7e5092
[2023-03-04T14:18:37.412+0000] {taskinstance.py:1509} INFO - Exporting the following env vars:
AIRFLOW_CTX_DAG_OWNER=aditya
AIRFLOW_CTX_DAG_ID=dag_python_operator_v3
AIRFLOW_CTX_TASK_ID=greet
AIRFLOW_CTX_EXECUTION_DATE=2023-03-04T14:02:15.077139+00:00
AIRFLOW_CTX_TRY_NUMBER=5
AIRFLOW_CTX_DAG_RUN_ID=manual__2023-03-04T14:02:15.077139+00:00
[2023-03-04T14:18:37.469+0000] {logging_mixin.py:137} INFO - Hello world! My name is Jerry and I am 24 years old
[2023-03-04T14:18:37.470+0000] {python.py:177} INFO - Done. Returned value was: None
[2023-03-04T14:18:37.494+0000] {taskinstance.py:1323} INFO - Marking task as SUCCESS. dag_id=dag_python_operator_v3, task_id=greet, execution_date=20230304T140215, start_date=20230304T141836, end_date=20230304T141837
[2023-03-04T14:18:37.559+0000] {local_task_job.py:208} INFO - Task exited with return code 0
[2023-03-04T14:18:37.596+0000] {taskinstance.py:2578} INFO - 0 downstream tasks scheduled from follow-on schedule check
