[2023-03-04T13:53:04.391+0000] {taskinstance.py:1083} INFO - Dependencies all met for <TaskInstance: dag_python_operator_v2.greet scheduled__2023-03-03T00:00:00+00:00 [queued]>
[2023-03-04T13:53:04.453+0000] {taskinstance.py:1083} INFO - Dependencies all met for <TaskInstance: dag_python_operator_v2.greet scheduled__2023-03-03T00:00:00+00:00 [queued]>
[2023-03-04T13:53:04.453+0000] {taskinstance.py:1279} INFO - 
--------------------------------------------------------------------------------
[2023-03-04T13:53:04.454+0000] {taskinstance.py:1280} INFO - Starting attempt 1 of 6
[2023-03-04T13:53:04.454+0000] {taskinstance.py:1281} INFO - 
--------------------------------------------------------------------------------
[2023-03-04T13:53:04.551+0000] {taskinstance.py:1300} INFO - Executing <Task(PythonOperator): greet> on 2023-03-03 00:00:00+00:00
[2023-03-04T13:53:04.583+0000] {standard_task_runner.py:55} INFO - Started process 2138 to run task
[2023-03-04T13:53:04.598+0000] {standard_task_runner.py:82} INFO - Running: ['***', 'tasks', 'run', 'dag_python_operator_v2', 'greet', 'scheduled__2023-03-03T00:00:00+00:00', '--job-id', '6', '--raw', '--subdir', 'DAGS_FOLDER/***_python.py', '--cfg-path', '/tmp/tmpnc733qzq']
[2023-03-04T13:53:04.601+0000] {standard_task_runner.py:83} INFO - Job 6: Subtask greet
[2023-03-04T13:53:04.762+0000] {task_command.py:388} INFO - Running <TaskInstance: dag_python_operator_v2.greet scheduled__2023-03-03T00:00:00+00:00 [running]> on host 07bffc7e5092
[2023-03-04T13:53:05.066+0000] {taskinstance.py:1509} INFO - Exporting the following env vars:
AIRFLOW_CTX_DAG_OWNER=aditya
AIRFLOW_CTX_DAG_ID=dag_python_operator_v2
AIRFLOW_CTX_TASK_ID=greet
AIRFLOW_CTX_EXECUTION_DATE=2023-03-03T00:00:00+00:00
AIRFLOW_CTX_TRY_NUMBER=1
AIRFLOW_CTX_DAG_RUN_ID=scheduled__2023-03-03T00:00:00+00:00
[2023-03-04T13:53:05.067+0000] {logging_mixin.py:137} INFO - Hello world! My name is Aditya and I am 24 years old
[2023-03-04T13:53:05.068+0000] {python.py:177} INFO - Done. Returned value was: None
[2023-03-04T13:53:05.093+0000] {taskinstance.py:1323} INFO - Marking task as SUCCESS. dag_id=dag_python_operator_v2, task_id=greet, execution_date=20230303T000000, start_date=20230304T135304, end_date=20230304T135305
[2023-03-04T13:53:05.145+0000] {local_task_job.py:208} INFO - Task exited with return code 0
[2023-03-04T13:53:05.174+0000] {taskinstance.py:2578} INFO - 0 downstream tasks scheduled from follow-on schedule check
