[2023-03-04T15:01:34.144+0000] {taskinstance.py:1083} INFO - Dependencies all met for <TaskInstance: dag_taskflow_api_v2.greet scheduled__2023-03-03T00:00:00+00:00 [queued]>
[2023-03-04T15:01:34.162+0000] {taskinstance.py:1083} INFO - Dependencies all met for <TaskInstance: dag_taskflow_api_v2.greet scheduled__2023-03-03T00:00:00+00:00 [queued]>
[2023-03-04T15:01:34.163+0000] {taskinstance.py:1279} INFO - 
--------------------------------------------------------------------------------
[2023-03-04T15:01:34.164+0000] {taskinstance.py:1280} INFO - Starting attempt 1 of 6
[2023-03-04T15:01:34.164+0000] {taskinstance.py:1281} INFO - 
--------------------------------------------------------------------------------
[2023-03-04T15:01:34.198+0000] {taskinstance.py:1300} INFO - Executing <Task(_PythonDecoratedOperator): greet> on 2023-03-03 00:00:00+00:00
[2023-03-04T15:01:34.206+0000] {standard_task_runner.py:55} INFO - Started process 6626 to run task
[2023-03-04T15:01:34.211+0000] {standard_task_runner.py:82} INFO - Running: ['***', 'tasks', 'run', 'dag_taskflow_api_v2', 'greet', 'scheduled__2023-03-03T00:00:00+00:00', '--job-id', '41', '--raw', '--subdir', 'DAGS_FOLDER/dag_taskflow_api.py', '--cfg-path', '/tmp/tmp0fwz3ffe']
[2023-03-04T15:01:34.214+0000] {standard_task_runner.py:83} INFO - Job 41: Subtask greet
[2023-03-04T15:01:34.324+0000] {task_command.py:388} INFO - Running <TaskInstance: dag_taskflow_api_v2.greet scheduled__2023-03-03T00:00:00+00:00 [running]> on host 07bffc7e5092
[2023-03-04T15:01:34.605+0000] {taskinstance.py:1509} INFO - Exporting the following env vars:
AIRFLOW_CTX_DAG_OWNER=Aditya
AIRFLOW_CTX_DAG_ID=dag_taskflow_api_v2
AIRFLOW_CTX_TASK_ID=greet
AIRFLOW_CTX_EXECUTION_DATE=2023-03-03T00:00:00+00:00
AIRFLOW_CTX_TRY_NUMBER=1
AIRFLOW_CTX_DAG_RUN_ID=scheduled__2023-03-03T00:00:00+00:00
[2023-03-04T15:01:34.608+0000] {logging_mixin.py:137} INFO - Hello World! My name is Aditya Prasetyo and I am 24 years old
[2023-03-04T15:01:34.611+0000] {python.py:177} INFO - Done. Returned value was: None
[2023-03-04T15:01:34.647+0000] {taskinstance.py:1323} INFO - Marking task as SUCCESS. dag_id=dag_taskflow_api_v2, task_id=greet, execution_date=20230303T000000, start_date=20230304T150134, end_date=20230304T150134
[2023-03-04T15:01:34.713+0000] {local_task_job.py:208} INFO - Task exited with return code 0
[2023-03-04T15:01:34.768+0000] {taskinstance.py:2578} INFO - 0 downstream tasks scheduled from follow-on schedule check
