[2023-03-08T06:07:38.368+0000] {taskinstance.py:1083} INFO - Dependencies all met for <TaskInstance: dag_postgrest_v2.create_postgres_table scheduled__2023-03-07T00:00:00+00:00 [queued]>
[2023-03-08T06:07:38.423+0000] {taskinstance.py:1083} INFO - Dependencies all met for <TaskInstance: dag_postgrest_v2.create_postgres_table scheduled__2023-03-07T00:00:00+00:00 [queued]>
[2023-03-08T06:07:38.423+0000] {taskinstance.py:1279} INFO - 
--------------------------------------------------------------------------------
[2023-03-08T06:07:38.424+0000] {taskinstance.py:1280} INFO - Starting attempt 1 of 6
[2023-03-08T06:07:38.424+0000] {taskinstance.py:1281} INFO - 
--------------------------------------------------------------------------------
[2023-03-08T06:07:38.482+0000] {taskinstance.py:1300} INFO - Executing <Task(PostgresOperator): create_postgres_table> on 2023-03-07 00:00:00+00:00
[2023-03-08T06:07:38.500+0000] {standard_task_runner.py:55} INFO - Started process 10655 to run task
[2023-03-08T06:07:38.516+0000] {standard_task_runner.py:82} INFO - Running: ['***', 'tasks', 'run', 'dag_postgrest_v2', 'create_postgres_table', 'scheduled__2023-03-07T00:00:00+00:00', '--job-id', '91', '--raw', '--subdir', 'DAGS_FOLDER/dag_with_postgres.py', '--cfg-path', '/tmp/tmpuc3lgry4']
[2023-03-08T06:07:38.519+0000] {standard_task_runner.py:83} INFO - Job 91: Subtask create_postgres_table
[2023-03-08T06:07:38.976+0000] {task_command.py:388} INFO - Running <TaskInstance: dag_postgrest_v2.create_postgres_table scheduled__2023-03-07T00:00:00+00:00 [running]> on host df4d96e1a045
[2023-03-08T06:07:39.455+0000] {taskinstance.py:1509} INFO - Exporting the following env vars:
AIRFLOW_CTX_DAG_OWNER=Aditya
AIRFLOW_CTX_DAG_ID=dag_postgrest_v2
AIRFLOW_CTX_TASK_ID=create_postgres_table
AIRFLOW_CTX_EXECUTION_DATE=2023-03-07T00:00:00+00:00
AIRFLOW_CTX_TRY_NUMBER=1
AIRFLOW_CTX_DAG_RUN_ID=scheduled__2023-03-07T00:00:00+00:00
[2023-03-08T06:07:39.456+0000] {sql.py:254} INFO - Executing: 
        create table if not exists dag_run (
            dt date,
            dag_id character varying,
            primary key (dt, dag_id)
        )
        
[2023-03-08T06:07:39.526+0000] {base.py:73} INFO - Using connection ID 'postgrest_localhost' for task execution.
[2023-03-08T06:07:40.515+0000] {base.py:73} INFO - Using connection ID 'postgrest_localhost' for task execution.
[2023-03-08T06:07:40.521+0000] {sql.py:375} INFO - Running statement: 
        create table if not exists dag_run (
            dt date,
            dag_id character varying,
            primary key (dt, dag_id)
        )
        , parameters: None
[2023-03-08T06:07:40.537+0000] {taskinstance.py:1323} INFO - Marking task as SUCCESS. dag_id=dag_postgrest_v2, task_id=create_postgres_table, execution_date=20230307T000000, start_date=20230308T060738, end_date=20230308T060740
[2023-03-08T06:07:40.587+0000] {local_task_job.py:208} INFO - Task exited with return code 0
[2023-03-08T06:07:40.627+0000] {taskinstance.py:2578} INFO - 1 downstream tasks scheduled from follow-on schedule check
