[2023-03-06T04:25:43.186+0000] {taskinstance.py:1083} INFO - Dependencies all met for <TaskInstance: dag_python_operator_v5.greet scheduled__2023-03-04T00:00:00+00:00 [queued]>
[2023-03-06T04:25:43.217+0000] {taskinstance.py:1083} INFO - Dependencies all met for <TaskInstance: dag_python_operator_v5.greet scheduled__2023-03-04T00:00:00+00:00 [queued]>
[2023-03-06T04:25:43.217+0000] {taskinstance.py:1279} INFO - 
--------------------------------------------------------------------------------
[2023-03-06T04:25:43.217+0000] {taskinstance.py:1280} INFO - Starting attempt 1 of 6
[2023-03-06T04:25:43.218+0000] {taskinstance.py:1281} INFO - 
--------------------------------------------------------------------------------
[2023-03-06T04:25:43.305+0000] {taskinstance.py:1300} INFO - Executing <Task(PythonOperator): greet> on 2023-03-04 00:00:00+00:00
[2023-03-06T04:25:43.332+0000] {standard_task_runner.py:55} INFO - Started process 208 to run task
[2023-03-06T04:25:43.352+0000] {standard_task_runner.py:82} INFO - Running: ['***', 'tasks', 'run', 'dag_python_operator_v5', 'greet', 'scheduled__2023-03-04T00:00:00+00:00', '--job-id', '53', '--raw', '--subdir', 'DAGS_FOLDER/***_python.py', '--cfg-path', '/tmp/tmp2nlyl_hv']
[2023-03-06T04:25:43.355+0000] {standard_task_runner.py:83} INFO - Job 53: Subtask greet
[2023-03-06T04:25:43.674+0000] {task_command.py:388} INFO - Running <TaskInstance: dag_python_operator_v5.greet scheduled__2023-03-04T00:00:00+00:00 [running]> on host 09fff04168c1
[2023-03-06T04:25:43.867+0000] {taskinstance.py:1509} INFO - Exporting the following env vars:
AIRFLOW_CTX_DAG_OWNER=aditya
AIRFLOW_CTX_DAG_ID=dag_python_operator_v5
AIRFLOW_CTX_TASK_ID=greet
AIRFLOW_CTX_EXECUTION_DATE=2023-03-04T00:00:00+00:00
AIRFLOW_CTX_TRY_NUMBER=1
AIRFLOW_CTX_DAG_RUN_ID=scheduled__2023-03-04T00:00:00+00:00
[2023-03-06T04:25:43.967+0000] {logging_mixin.py:137} INFO - Hello world! My name is Aditya Prasetyo and I am 24 years old
[2023-03-06T04:25:43.967+0000] {python.py:177} INFO - Done. Returned value was: None
[2023-03-06T04:25:43.992+0000] {taskinstance.py:1323} INFO - Marking task as SUCCESS. dag_id=dag_python_operator_v5, task_id=greet, execution_date=20230304T000000, start_date=20230306T042543, end_date=20230306T042543
[2023-03-06T04:25:44.062+0000] {local_task_job.py:208} INFO - Task exited with return code 0
[2023-03-06T04:25:44.128+0000] {taskinstance.py:2578} INFO - 0 downstream tasks scheduled from follow-on schedule check
