[2023-03-04T14:36:06.226+0000] {taskinstance.py:1083} INFO - Dependencies all met for <TaskInstance: dag_python_operator_v5.get_age manual__2023-03-04T14:36:04.330818+00:00 [queued]>
[2023-03-04T14:36:06.288+0000] {taskinstance.py:1083} INFO - Dependencies all met for <TaskInstance: dag_python_operator_v5.get_age manual__2023-03-04T14:36:04.330818+00:00 [queued]>
[2023-03-04T14:36:06.289+0000] {taskinstance.py:1279} INFO - 
--------------------------------------------------------------------------------
[2023-03-04T14:36:06.289+0000] {taskinstance.py:1280} INFO - Starting attempt 1 of 6
[2023-03-04T14:36:06.289+0000] {taskinstance.py:1281} INFO - 
--------------------------------------------------------------------------------
[2023-03-04T14:36:06.412+0000] {taskinstance.py:1300} INFO - Executing <Task(PythonOperator): get_age> on 2023-03-04 14:36:04.330818+00:00
[2023-03-04T14:36:06.446+0000] {standard_task_runner.py:55} INFO - Started process 4906 to run task
[2023-03-04T14:36:06.452+0000] {standard_task_runner.py:82} INFO - Running: ['***', 'tasks', 'run', 'dag_python_operator_v5', 'get_age', 'manual__2023-03-04T14:36:04.330818+00:00', '--job-id', '25', '--raw', '--subdir', 'DAGS_FOLDER/***_python.py', '--cfg-path', '/tmp/tmpy6m1ficq']
[2023-03-04T14:36:06.460+0000] {standard_task_runner.py:83} INFO - Job 25: Subtask get_age
[2023-03-04T14:36:06.645+0000] {task_command.py:388} INFO - Running <TaskInstance: dag_python_operator_v5.get_age manual__2023-03-04T14:36:04.330818+00:00 [running]> on host 07bffc7e5092
[2023-03-04T14:36:06.903+0000] {taskinstance.py:1509} INFO - Exporting the following env vars:
AIRFLOW_CTX_DAG_OWNER=aditya
AIRFLOW_CTX_DAG_ID=dag_python_operator_v5
AIRFLOW_CTX_TASK_ID=get_age
AIRFLOW_CTX_EXECUTION_DATE=2023-03-04T14:36:04.330818+00:00
AIRFLOW_CTX_TRY_NUMBER=1
AIRFLOW_CTX_DAG_RUN_ID=manual__2023-03-04T14:36:04.330818+00:00
[2023-03-04T14:36:06.961+0000] {python.py:177} INFO - Done. Returned value was: None
[2023-03-04T14:36:07.010+0000] {taskinstance.py:1323} INFO - Marking task as SUCCESS. dag_id=dag_python_operator_v5, task_id=get_age, execution_date=20230304T143604, start_date=20230304T143606, end_date=20230304T143607
[2023-03-04T14:36:07.098+0000] {local_task_job.py:208} INFO - Task exited with return code 0
[2023-03-04T14:36:07.180+0000] {taskinstance.py:2578} INFO - 0 downstream tasks scheduled from follow-on schedule check
