[2023-03-04T14:54:43.103+0000] {taskinstance.py:1083} INFO - Dependencies all met for <TaskInstance: dag_taskflow_api.get_name scheduled__2023-03-03T00:00:00+00:00 [queued]>
[2023-03-04T14:54:43.146+0000] {taskinstance.py:1083} INFO - Dependencies all met for <TaskInstance: dag_taskflow_api.get_name scheduled__2023-03-03T00:00:00+00:00 [queued]>
[2023-03-04T14:54:43.146+0000] {taskinstance.py:1279} INFO - 
--------------------------------------------------------------------------------
[2023-03-04T14:54:43.147+0000] {taskinstance.py:1280} INFO - Starting attempt 1 of 6
[2023-03-04T14:54:43.147+0000] {taskinstance.py:1281} INFO - 
--------------------------------------------------------------------------------
[2023-03-04T14:54:43.222+0000] {taskinstance.py:1300} INFO - Executing <Task(_PythonDecoratedOperator): get_name> on 2023-03-03 00:00:00+00:00
[2023-03-04T14:54:43.230+0000] {standard_task_runner.py:55} INFO - Started process 6115 to run task
[2023-03-04T14:54:43.243+0000] {standard_task_runner.py:82} INFO - Running: ['***', 'tasks', 'run', 'dag_taskflow_api', 'get_name', 'scheduled__2023-03-03T00:00:00+00:00', '--job-id', '31', '--raw', '--subdir', 'DAGS_FOLDER/dag_taskflow_api.py', '--cfg-path', '/tmp/tmpnnuazfer']
[2023-03-04T14:54:43.247+0000] {standard_task_runner.py:83} INFO - Job 31: Subtask get_name
[2023-03-04T14:54:43.515+0000] {task_command.py:388} INFO - Running <TaskInstance: dag_taskflow_api.get_name scheduled__2023-03-03T00:00:00+00:00 [running]> on host 07bffc7e5092
[2023-03-04T14:54:43.732+0000] {taskinstance.py:1509} INFO - Exporting the following env vars:
AIRFLOW_CTX_DAG_OWNER=Aditya
AIRFLOW_CTX_DAG_ID=dag_taskflow_api
AIRFLOW_CTX_TASK_ID=get_name
AIRFLOW_CTX_EXECUTION_DATE=2023-03-03T00:00:00+00:00
AIRFLOW_CTX_TRY_NUMBER=1
AIRFLOW_CTX_DAG_RUN_ID=scheduled__2023-03-03T00:00:00+00:00
[2023-03-04T14:54:43.733+0000] {python.py:177} INFO - Done. Returned value was: Aditya
[2023-03-04T14:54:43.797+0000] {taskinstance.py:1323} INFO - Marking task as SUCCESS. dag_id=dag_taskflow_api, task_id=get_name, execution_date=20230303T000000, start_date=20230304T145443, end_date=20230304T145443
[2023-03-04T14:54:43.861+0000] {local_task_job.py:208} INFO - Task exited with return code 0
[2023-03-04T14:54:43.941+0000] {taskinstance.py:2578} INFO - 0 downstream tasks scheduled from follow-on schedule check
