[2023-03-04T14:28:52.021+0000] {taskinstance.py:1083} INFO - Dependencies all met for <TaskInstance: dag_python_operator_v4.greet manual__2023-03-04T14:28:47.826915+00:00 [queued]>
[2023-03-04T14:28:52.055+0000] {taskinstance.py:1083} INFO - Dependencies all met for <TaskInstance: dag_python_operator_v4.greet manual__2023-03-04T14:28:47.826915+00:00 [queued]>
[2023-03-04T14:28:52.055+0000] {taskinstance.py:1279} INFO - 
--------------------------------------------------------------------------------
[2023-03-04T14:28:52.056+0000] {taskinstance.py:1280} INFO - Starting attempt 1 of 6
[2023-03-04T14:28:52.056+0000] {taskinstance.py:1281} INFO - 
--------------------------------------------------------------------------------
[2023-03-04T14:28:52.089+0000] {taskinstance.py:1300} INFO - Executing <Task(PythonOperator): greet> on 2023-03-04 14:28:47.826915+00:00
[2023-03-04T14:28:52.103+0000] {standard_task_runner.py:55} INFO - Started process 4443 to run task
[2023-03-04T14:28:52.117+0000] {standard_task_runner.py:82} INFO - Running: ['***', 'tasks', 'run', 'dag_python_operator_v4', 'greet', 'manual__2023-03-04T14:28:47.826915+00:00', '--job-id', '22', '--raw', '--subdir', 'DAGS_FOLDER/***_python.py', '--cfg-path', '/tmp/tmpth_c4j0y']
[2023-03-04T14:28:52.121+0000] {standard_task_runner.py:83} INFO - Job 22: Subtask greet
[2023-03-04T14:28:52.298+0000] {task_command.py:388} INFO - Running <TaskInstance: dag_python_operator_v4.greet manual__2023-03-04T14:28:47.826915+00:00 [running]> on host 07bffc7e5092
[2023-03-04T14:28:52.488+0000] {taskinstance.py:1509} INFO - Exporting the following env vars:
AIRFLOW_CTX_DAG_OWNER=aditya
AIRFLOW_CTX_DAG_ID=dag_python_operator_v4
AIRFLOW_CTX_TASK_ID=greet
AIRFLOW_CTX_EXECUTION_DATE=2023-03-04T14:28:47.826915+00:00
AIRFLOW_CTX_TRY_NUMBER=1
AIRFLOW_CTX_DAG_RUN_ID=manual__2023-03-04T14:28:47.826915+00:00
[2023-03-04T14:28:52.579+0000] {logging_mixin.py:137} INFO - Hello world! My name is Aditya None and I am 24 years old
[2023-03-04T14:28:52.580+0000] {python.py:177} INFO - Done. Returned value was: None
[2023-03-04T14:28:52.609+0000] {taskinstance.py:1323} INFO - Marking task as SUCCESS. dag_id=dag_python_operator_v4, task_id=greet, execution_date=20230304T142847, start_date=20230304T142852, end_date=20230304T142852
[2023-03-04T14:28:52.665+0000] {local_task_job.py:208} INFO - Task exited with return code 0
[2023-03-04T14:28:52.708+0000] {taskinstance.py:2578} INFO - 0 downstream tasks scheduled from follow-on schedule check
