[2023-03-04T13:47:16.393+0000] {taskinstance.py:1083} INFO - Dependencies all met for <TaskInstance: dag_python_operator_v1.greet scheduled__2023-03-03T00:00:00+00:00 [queued]>
[2023-03-04T13:47:16.413+0000] {taskinstance.py:1083} INFO - Dependencies all met for <TaskInstance: dag_python_operator_v1.greet scheduled__2023-03-03T00:00:00+00:00 [queued]>
[2023-03-04T13:47:16.413+0000] {taskinstance.py:1279} INFO - 
--------------------------------------------------------------------------------
[2023-03-04T13:47:16.413+0000] {taskinstance.py:1280} INFO - Starting attempt 1 of 6
[2023-03-04T13:47:16.413+0000] {taskinstance.py:1281} INFO - 
--------------------------------------------------------------------------------
[2023-03-04T13:47:16.436+0000] {taskinstance.py:1300} INFO - Executing <Task(PythonOperator): greet> on 2023-03-03 00:00:00+00:00
[2023-03-04T13:47:16.442+0000] {standard_task_runner.py:55} INFO - Started process 1768 to run task
[2023-03-04T13:47:16.446+0000] {standard_task_runner.py:82} INFO - Running: ['***', 'tasks', 'run', 'dag_python_operator_v1', 'greet', 'scheduled__2023-03-03T00:00:00+00:00', '--job-id', '3', '--raw', '--subdir', 'DAGS_FOLDER/***_python.py', '--cfg-path', '/tmp/tmpdmfl1aac']
[2023-03-04T13:47:16.448+0000] {standard_task_runner.py:83} INFO - Job 3: Subtask greet
[2023-03-04T13:47:16.537+0000] {task_command.py:388} INFO - Running <TaskInstance: dag_python_operator_v1.greet scheduled__2023-03-03T00:00:00+00:00 [running]> on host 07bffc7e5092
[2023-03-04T13:47:16.712+0000] {taskinstance.py:1509} INFO - Exporting the following env vars:
AIRFLOW_CTX_DAG_OWNER=aditya
AIRFLOW_CTX_DAG_ID=dag_python_operator_v1
AIRFLOW_CTX_TASK_ID=greet
AIRFLOW_CTX_EXECUTION_DATE=2023-03-03T00:00:00+00:00
AIRFLOW_CTX_TRY_NUMBER=1
AIRFLOW_CTX_DAG_RUN_ID=scheduled__2023-03-03T00:00:00+00:00
[2023-03-04T13:47:16.713+0000] {logging_mixin.py:137} INFO - hello world
[2023-03-04T13:47:16.714+0000] {python.py:177} INFO - Done. Returned value was: None
[2023-03-04T13:47:16.731+0000] {taskinstance.py:1323} INFO - Marking task as SUCCESS. dag_id=dag_python_operator_v1, task_id=greet, execution_date=20230303T000000, start_date=20230304T134716, end_date=20230304T134716
[2023-03-04T13:47:16.778+0000] {local_task_job.py:208} INFO - Task exited with return code 0
[2023-03-04T13:47:16.803+0000] {taskinstance.py:2578} INFO - 0 downstream tasks scheduled from follow-on schedule check
