[2023-03-04T14:02:16.386+0000] {taskinstance.py:1083} INFO - Dependencies all met for <TaskInstance: dag_python_operator_v3.get_name manual__2023-03-04T14:02:15.077139+00:00 [queued]>
[2023-03-04T14:02:16.407+0000] {taskinstance.py:1083} INFO - Dependencies all met for <TaskInstance: dag_python_operator_v3.get_name manual__2023-03-04T14:02:15.077139+00:00 [queued]>
[2023-03-04T14:02:16.407+0000] {taskinstance.py:1279} INFO - 
--------------------------------------------------------------------------------
[2023-03-04T14:02:16.407+0000] {taskinstance.py:1280} INFO - Starting attempt 1 of 6
[2023-03-04T14:02:16.408+0000] {taskinstance.py:1281} INFO - 
--------------------------------------------------------------------------------
[2023-03-04T14:02:16.439+0000] {taskinstance.py:1300} INFO - Executing <Task(PythonOperator): get_name> on 2023-03-04 14:02:15.077139+00:00
[2023-03-04T14:02:16.451+0000] {standard_task_runner.py:55} INFO - Started process 2715 to run task
[2023-03-04T14:02:16.457+0000] {standard_task_runner.py:82} INFO - Running: ['***', 'tasks', 'run', 'dag_python_operator_v3', 'get_name', 'manual__2023-03-04T14:02:15.077139+00:00', '--job-id', '8', '--raw', '--subdir', 'DAGS_FOLDER/***_python.py', '--cfg-path', '/tmp/tmpqh7d1hgd']
[2023-03-04T14:02:16.460+0000] {standard_task_runner.py:83} INFO - Job 8: Subtask get_name
[2023-03-04T14:02:16.569+0000] {task_command.py:388} INFO - Running <TaskInstance: dag_python_operator_v3.get_name manual__2023-03-04T14:02:15.077139+00:00 [running]> on host 07bffc7e5092
[2023-03-04T14:02:16.705+0000] {taskinstance.py:1509} INFO - Exporting the following env vars:
AIRFLOW_CTX_DAG_OWNER=aditya
AIRFLOW_CTX_DAG_ID=dag_python_operator_v3
AIRFLOW_CTX_TASK_ID=get_name
AIRFLOW_CTX_EXECUTION_DATE=2023-03-04T14:02:15.077139+00:00
AIRFLOW_CTX_TRY_NUMBER=1
AIRFLOW_CTX_DAG_RUN_ID=manual__2023-03-04T14:02:15.077139+00:00
[2023-03-04T14:02:16.710+0000] {python.py:177} INFO - Done. Returned value was: Jerry
[2023-03-04T14:02:16.749+0000] {taskinstance.py:1323} INFO - Marking task as SUCCESS. dag_id=dag_python_operator_v3, task_id=get_name, execution_date=20230304T140215, start_date=20230304T140216, end_date=20230304T140216
[2023-03-04T14:02:16.797+0000] {local_task_job.py:208} INFO - Task exited with return code 0
[2023-03-04T14:02:16.840+0000] {taskinstance.py:2578} INFO - 1 downstream tasks scheduled from follow-on schedule check
