[2023-03-04T14:12:19.956+0000] {taskinstance.py:1083} INFO - Dependencies all met for <TaskInstance: dag_python_operator_v3.greet scheduled__2023-03-03T00:00:00+00:00 [queued]>
[2023-03-04T14:12:19.971+0000] {taskinstance.py:1083} INFO - Dependencies all met for <TaskInstance: dag_python_operator_v3.greet scheduled__2023-03-03T00:00:00+00:00 [queued]>
[2023-03-04T14:12:19.971+0000] {taskinstance.py:1279} INFO - 
--------------------------------------------------------------------------------
[2023-03-04T14:12:19.971+0000] {taskinstance.py:1280} INFO - Starting attempt 3 of 6
[2023-03-04T14:12:19.972+0000] {taskinstance.py:1281} INFO - 
--------------------------------------------------------------------------------
[2023-03-04T14:12:19.992+0000] {taskinstance.py:1300} INFO - Executing <Task(PythonOperator): greet> on 2023-03-03 00:00:00+00:00
[2023-03-04T14:12:19.998+0000] {standard_task_runner.py:55} INFO - Started process 3376 to run task
[2023-03-04T14:12:20.003+0000] {standard_task_runner.py:82} INFO - Running: ['***', 'tasks', 'run', 'dag_python_operator_v3', 'greet', 'scheduled__2023-03-03T00:00:00+00:00', '--job-id', '15', '--raw', '--subdir', 'DAGS_FOLDER/***_python.py', '--cfg-path', '/tmp/tmpthuip0jv']
[2023-03-04T14:12:20.005+0000] {standard_task_runner.py:83} INFO - Job 15: Subtask greet
[2023-03-04T14:12:20.086+0000] {task_command.py:388} INFO - Running <TaskInstance: dag_python_operator_v3.greet scheduled__2023-03-03T00:00:00+00:00 [running]> on host 07bffc7e5092
[2023-03-04T14:12:20.188+0000] {taskinstance.py:1509} INFO - Exporting the following env vars:
AIRFLOW_CTX_DAG_OWNER=aditya
AIRFLOW_CTX_DAG_ID=dag_python_operator_v3
AIRFLOW_CTX_TASK_ID=greet
AIRFLOW_CTX_EXECUTION_DATE=2023-03-03T00:00:00+00:00
AIRFLOW_CTX_TRY_NUMBER=3
AIRFLOW_CTX_DAG_RUN_ID=scheduled__2023-03-03T00:00:00+00:00
[2023-03-04T14:12:20.189+0000] {logging_mixin.py:137} INFO - {'conf': <***.configuration.AirflowConfigParser object at 0x7f06d9a0a610>, 'dag': <DAG: dag_python_operator_v3>, 'dag_run': <DagRun dag_python_operator_v3 @ 2023-03-03 00:00:00+00:00: scheduled__2023-03-03T00:00:00+00:00, state:running, queued_at: 2023-03-04 14:02:15.921180+00:00. externally triggered: False>, 'data_interval_end': DateTime(2023, 3, 4, 0, 0, 0, tzinfo=Timezone('UTC')), 'data_interval_start': DateTime(2023, 3, 3, 0, 0, 0, tzinfo=Timezone('UTC')), 'ds': '2023-03-03', 'ds_nodash': '20230303', 'execution_date': <Proxy at 0x7f06c293ec30 with factory functools.partial(<function lazy_mapping_from_context.<locals>._deprecated_proxy_factory at 0x7f06c2936a70>, 'execution_date', DateTime(2023, 3, 3, 0, 0, 0, tzinfo=Timezone('UTC')))>, 'expanded_ti_count': None, 'inlets': [], 'logical_date': DateTime(2023, 3, 3, 0, 0, 0, tzinfo=Timezone('UTC')), 'macros': <module '***.macros' from '/home/***/.local/lib/python3.7/site-packages/***/macros/__init__.py'>, 'next_ds': <Proxy at 0x7f06c293b230 with factory functools.partial(<function lazy_mapping_from_context.<locals>._deprecated_proxy_factory at 0x7f06c2936a70>, 'next_ds', '2023-03-04')>, 'next_ds_nodash': <Proxy at 0x7f06c293b320 with factory functools.partial(<function lazy_mapping_from_context.<locals>._deprecated_proxy_factory at 0x7f06c2936a70>, 'next_ds_nodash', '20230304')>, 'next_execution_date': <Proxy at 0x7f06c293b2d0 with factory functools.partial(<function lazy_mapping_from_context.<locals>._deprecated_proxy_factory at 0x7f06c2936a70>, 'next_execution_date', DateTime(2023, 3, 4, 0, 0, 0, tzinfo=Timezone('UTC')))>, 'outlets': [], 'params': {}, 'prev_data_interval_start_success': None, 'prev_data_interval_end_success': None, 'prev_ds': <Proxy at 0x7f06c293b280 with factory functools.partial(<function lazy_mapping_from_context.<locals>._deprecated_proxy_factory at 0x7f06c2936a70>, 'prev_ds', '2023-03-02')>, 'prev_ds_nodash': <Proxy at 0x7f06c293b370 with factory functools.partial(<function lazy_mapping_from_context.<locals>._deprecated_proxy_factory at 0x7f06c2936a70>, 'prev_ds_nodash', '20230302')>, 'prev_execution_date': <Proxy at 0x7f06c293b500 with factory functools.partial(<function lazy_mapping_from_context.<locals>._deprecated_proxy_factory at 0x7f06c2936a70>, 'prev_execution_date', DateTime(2023, 3, 2, 0, 0, 0, tzinfo=Timezone('UTC')))>, 'prev_execution_date_success': <Proxy at 0x7f06c293b460 with factory functools.partial(<function lazy_mapping_from_context.<locals>._deprecated_proxy_factory at 0x7f06c2936a70>, 'prev_execution_date_success', None)>, 'prev_start_date_success': None, 'run_id': 'scheduled__2023-03-03T00:00:00+00:00', 'task': <Task(PythonOperator): greet>, 'task_instance': <TaskInstance: dag_python_operator_v3.greet scheduled__2023-03-03T00:00:00+00:00 [running]>, 'task_instance_key_str': 'dag_python_operator_v3__greet__20230303', 'test_mode': False, 'ti': <TaskInstance: dag_python_operator_v3.greet scheduled__2023-03-03T00:00:00+00:00 [running]>, 'tomorrow_ds': <Proxy at 0x7f06c293ba00 with factory functools.partial(<function lazy_mapping_from_context.<locals>._deprecated_proxy_factory at 0x7f06c2936a70>, 'tomorrow_ds', '2023-03-04')>, 'tomorrow_ds_nodash': <Proxy at 0x7f06c292d780 with factory functools.partial(<function lazy_mapping_from_context.<locals>._deprecated_proxy_factory at 0x7f06c2936a70>, 'tomorrow_ds_nodash', '20230304')>, 'triggering_dataset_events': <Proxy at 0x7f06c29d11e0 with factory <function TaskInstance.get_template_context.<locals>.get_triggering_events at 0x7f06c29b3950>>, 'ts': '2023-03-03T00:00:00+00:00', 'ts_nodash': '20230303T000000', 'ts_nodash_with_tz': '20230303T000000+0000', 'var': {'json': None, 'value': None}, 'conn': None, 'yesterday_ds': <Proxy at 0x7f06c2935d70 with factory functools.partial(<function lazy_mapping_from_context.<locals>._deprecated_proxy_factory at 0x7f06c2936a70>, 'yesterday_ds', '2023-03-02')>, 'yesterday_ds_nodash': <Proxy at 0x7f06c2935f50 with factory functools.partial(<function lazy_mapping_from_context.<locals>._deprecated_proxy_factory at 0x7f06c2936a70>, 'yesterday_ds_nodash', '20230302')>, 'age': '24', 'templates_dict': None}
[2023-03-04T14:12:20.190+0000] {python.py:177} INFO - Done. Returned value was: None
[2023-03-04T14:12:20.203+0000] {taskinstance.py:1323} INFO - Marking task as SUCCESS. dag_id=dag_python_operator_v3, task_id=greet, execution_date=20230303T000000, start_date=20230304T141219, end_date=20230304T141220
[2023-03-04T14:12:20.255+0000] {local_task_job.py:208} INFO - Task exited with return code 0
[2023-03-04T14:12:20.279+0000] {taskinstance.py:2578} INFO - 0 downstream tasks scheduled from follow-on schedule check
